#! /c/Source/iverilog-install/bin/vvp
:ivl_version "12.0 (devel)" "(s20150603-1110-g18392a46)";
:ivl_delay_selection "TYPICAL";
:vpi_time_precision + 0;
:vpi_module "D:\iverilog\iverilog\lib\ivl\system.vpi";
:vpi_module "D:\iverilog\iverilog\lib\ivl\vhdl_sys.vpi";
:vpi_module "D:\iverilog\iverilog\lib\ivl\vhdl_textio.vpi";
:vpi_module "D:\iverilog\iverilog\lib\ivl\v2005_math.vpi";
:vpi_module "D:\iverilog\iverilog\lib\ivl\va_math.vpi";
S_000001f104096b30 .scope module, "ADD" "ADD" 2 1;
 .timescale 0 0;
    .port_info 0 /INPUT 32 "i_data0";
    .port_info 1 /INPUT 32 "i_data1";
    .port_info 2 /OUTPUT 32 "o_data";
P_000001f104095400 .param/l "d_width" 0 2 2, +C4<00000000000000000000000000100000>;
o000001f104096d68 .functor BUFZ 32, C4<zzzzzzzzzzzzzzzzzzzzzzzzzzzzzzzz>; HiZ drive
v000001f104096cc0_0 .net/s "i_data0", 31 0, o000001f104096d68;  0 drivers
o000001f104096d98 .functor BUFZ 32, C4<zzzzzzzzzzzzzzzzzzzzzzzzzzzzzzzz>; HiZ drive
v000001f1040632b0_0 .net/s "i_data1", 31 0, o000001f104096d98;  0 drivers
v000001f10419e3f0_0 .net/s "o_data", 31 0, L_000001f10419e490;  1 drivers
L_000001f10419e490 .arith/sum 32, o000001f104096d68, o000001f104096d98;
# The file index is used to find the file name in the following table.
:file_names 3;
    "N/A";
    "<interactive>";
    "ADD.v";
