#! /c/Source/iverilog-install/bin/vvp
:ivl_version "12.0 (devel)" "(s20150603-1110-g18392a46)";
:ivl_delay_selection "TYPICAL";
:vpi_time_precision + 0;
:vpi_module "D:\iverilog\iverilog\lib\ivl\system.vpi";
:vpi_module "D:\iverilog\iverilog\lib\ivl\vhdl_sys.vpi";
:vpi_module "D:\iverilog\iverilog\lib\ivl\vhdl_textio.vpi";
:vpi_module "D:\iverilog\iverilog\lib\ivl\v2005_math.vpi";
:vpi_module "D:\iverilog\iverilog\lib\ivl\va_math.vpi";
S_00000149d2292ba0 .scope module, "ALU" "ALU" 2 1;
 .timescale 0 0;
    .port_info 0 /INPUT 4 "i_opcode";
    .port_info 1 /INPUT 32 "i_data1";
    .port_info 2 /INPUT 32 "i_data2";
    .port_info 3 /OUTPUT 32 "o_result";
    .port_info 4 /OUTPUT 1 "o_zero";
P_00000149d22931e0 .param/l "d_width" 0 2 2, +C4<00000000000000000000000000100000>;
P_00000149d2293218 .param/l "op" 0 2 3, +C4<00000000000000000000000000000100>;
o00000149d22cafa8 .functor BUFZ 32, C4<zzzzzzzzzzzzzzzzzzzzzzzzzzzzzzzz>; HiZ drive
v00000149d2293060_0 .net "i_data1", 31 0, o00000149d22cafa8;  0 drivers
o00000149d22cafd8 .functor BUFZ 32, C4<zzzzzzzzzzzzzzzzzzzzzzzzzzzzzzzz>; HiZ drive
v00000149d227bb60_0 .net "i_data2", 31 0, o00000149d22cafd8;  0 drivers
o00000149d22cb008 .functor BUFZ 4, C4<zzzz>; HiZ drive
v00000149d227bc00_0 .net "i_opcode", 3 0, o00000149d22cb008;  0 drivers
v00000149d2292d30_0 .var "o_result", 31 0;
v00000149d2292dd0_0 .var "o_zero", 0 0;
E_00000149d22c8630 .event anyedge, v00000149d227bc00_0, v00000149d2293060_0, v00000149d227bb60_0, v00000149d2292d30_0;
    .scope S_00000149d2292ba0;
T_0 ;
    %wait E_00000149d22c8630;
    %load/vec4 v00000149d227bc00_0;
    %dup/vec4;
    %pushi/vec4 0, 0, 4;
    %cmp/u;
    %jmp/1 T_0.0, 6;
    %dup/vec4;
    %pushi/vec4 1, 0, 4;
    %cmp/u;
    %jmp/1 T_0.1, 6;
    %dup/vec4;
    %pushi/vec4 2, 0, 4;
    %cmp/u;
    %jmp/1 T_0.2, 6;
    %dup/vec4;
    %pushi/vec4 3, 0, 4;
    %cmp/u;
    %jmp/1 T_0.3, 6;
    %dup/vec4;
    %pushi/vec4 4, 0, 4;
    %cmp/u;
    %jmp/1 T_0.4, 6;
    %dup/vec4;
    %pushi/vec4 5, 0, 4;
    %cmp/u;
    %jmp/1 T_0.5, 6;
    %dup/vec4;
    %pushi/vec4 6, 0, 4;
    %cmp/u;
    %jmp/1 T_0.6, 6;
    %dup/vec4;
    %pushi/vec4 7, 0, 4;
    %cmp/u;
    %jmp/1 T_0.7, 6;
    %dup/vec4;
    %pushi/vec4 8, 0, 4;
    %cmp/u;
    %jmp/1 T_0.8, 6;
    %dup/vec4;
    %pushi/vec4 9, 0, 4;
    %cmp/u;
    %jmp/1 T_0.9, 6;
    %pushi/vec4 0, 0, 32;
    %store/vec4 v00000149d2292d30_0, 0, 32;
    %jmp T_0.11;
T_0.0 ;
    %load/vec4 v00000149d2293060_0;
    %load/vec4 v00000149d227bb60_0;
    %add;
    %store/vec4 v00000149d2292d30_0, 0, 32;
    %jmp T_0.11;
T_0.1 ;
    %load/vec4 v00000149d2293060_0;
    %load/vec4 v00000149d227bb60_0;
    %sub;
    %store/vec4 v00000149d2292d30_0, 0, 32;
    %jmp T_0.11;
T_0.2 ;
    %load/vec4 v00000149d2293060_0;
    %ix/getv 4, v00000149d227bb60_0;
    %shiftl 4;
    %store/vec4 v00000149d2292d30_0, 0, 32;
    %jmp T_0.11;
T_0.3 ;
    %load/vec4 v00000149d2293060_0;
    %parti/s 1, 31, 6;
    %load/vec4 v00000149d227bb60_0;
    %parti/s 1, 31, 6;
    %cmp/ne;
    %jmp/0xz  T_0.12, 4;
    %load/vec4 v00000149d2293060_0;
    %parti/s 1, 31, 6;
    %flag_set/vec4 8;
    %jmp/0xz  T_0.14, 8;
    %pushi/vec4 1, 0, 32;
    %store/vec4 v00000149d2292d30_0, 0, 32;
    %jmp T_0.15;
T_0.14 ;
    %pushi/vec4 0, 0, 32;
    %store/vec4 v00000149d2292d30_0, 0, 32;
T_0.15 ;
    %jmp T_0.13;
T_0.12 ;
    %load/vec4 v00000149d2293060_0;
    %load/vec4 v00000149d227bb60_0;
    %cmp/u;
    %flag_mov 8, 5;
    %jmp/0 T_0.16, 8;
    %pushi/vec4 1, 0, 32;
    %jmp/1 T_0.17, 8;
T_0.16 ; End of true expr.
    %pushi/vec4 0, 0, 32;
    %jmp/0 T_0.17, 8;
 ; End of false expr.
    %blend;
T_0.17;
    %store/vec4 v00000149d2292d30_0, 0, 32;
T_0.13 ;
    %jmp T_0.11;
T_0.4 ;
    %load/vec4 v00000149d2293060_0;
    %load/vec4 v00000149d227bb60_0;
    %cmp/u;
    %flag_mov 8, 5;
    %jmp/0 T_0.18, 8;
    %pushi/vec4 1, 0, 32;
    %jmp/1 T_0.19, 8;
T_0.18 ; End of true expr.
    %pushi/vec4 0, 0, 32;
    %jmp/0 T_0.19, 8;
 ; End of false expr.
    %blend;
T_0.19;
    %store/vec4 v00000149d2292d30_0, 0, 32;
    %jmp T_0.11;
T_0.5 ;
    %load/vec4 v00000149d2293060_0;
    %load/vec4 v00000149d227bb60_0;
    %xor;
    %store/vec4 v00000149d2292d30_0, 0, 32;
    %jmp T_0.11;
T_0.6 ;
    %load/vec4 v00000149d2293060_0;
    %ix/getv 4, v00000149d227bb60_0;
    %shiftr 4;
    %store/vec4 v00000149d2292d30_0, 0, 32;
    %jmp T_0.11;
T_0.7 ;
    %load/vec4 v00000149d2293060_0;
    %ix/getv 4, v00000149d227bb60_0;
    %shiftr 4;
    %store/vec4 v00000149d2292d30_0, 0, 32;
    %jmp T_0.11;
T_0.8 ;
    %load/vec4 v00000149d2293060_0;
    %load/vec4 v00000149d227bb60_0;
    %or;
    %store/vec4 v00000149d2292d30_0, 0, 32;
    %jmp T_0.11;
T_0.9 ;
    %load/vec4 v00000149d2293060_0;
    %load/vec4 v00000149d227bb60_0;
    %and;
    %store/vec4 v00000149d2292d30_0, 0, 32;
    %jmp T_0.11;
T_0.11 ;
    %pop/vec4 1;
    %load/vec4 v00000149d2292d30_0;
    %cmpi/e 0, 0, 32;
    %flag_mov 8, 4;
    %jmp/0 T_0.20, 8;
    %pushi/vec4 1, 0, 2;
    %jmp/1 T_0.21, 8;
T_0.20 ; End of true expr.
    %pushi/vec4 0, 0, 2;
    %jmp/0 T_0.21, 8;
 ; End of false expr.
    %blend;
T_0.21;
    %pad/s 1;
    %store/vec4 v00000149d2292dd0_0, 0, 1;
    %jmp T_0;
    .thread T_0, $push;
# The file index is used to find the file name in the following table.
:file_names 3;
    "N/A";
    "<interactive>";
    "ALU.v";
