#! /c/Source/iverilog-install/bin/vvp
:ivl_version "12.0 (devel)" "(s20150603-1110-g18392a46)";
:ivl_delay_selection "TYPICAL";
:vpi_time_precision + 0;
:vpi_module "D:\iverilog\iverilog\lib\ivl\system.vpi";
:vpi_module "D:\iverilog\iverilog\lib\ivl\vhdl_sys.vpi";
:vpi_module "D:\iverilog\iverilog\lib\ivl\vhdl_textio.vpi";
:vpi_module "D:\iverilog\iverilog\lib\ivl\v2005_math.vpi";
:vpi_module "D:\iverilog\iverilog\lib\ivl\va_math.vpi";
S_0000029c5b162ba0 .scope module, "DMEM" "DMEM" 2 1;
 .timescale 0 0;
    .port_info 0 /INPUT 1 "clk";
    .port_info 1 /INPUT 1 "rst_n";
    .port_info 2 /INPUT 1 "i_cs";
    .port_info 3 /INPUT 1 "i_load_store";
    .port_info 4 /INPUT 3 "i_funct3";
    .port_info 5 /INPUT 8 "i_addr";
    .port_info 6 /INPUT 32 "i_wdata";
    .port_info 7 /OUTPUT 32 "o_rdata";
P_0000029c5b1631e0 .param/l "a_width" 0 2 3, +C4<00000000000000000000000000001000>;
P_0000029c5b163218 .param/l "d_width" 0 2 2, +C4<00000000000000000000000000100000>;
o0000029c5b1a5098 .functor BUFZ 1, C4<z>; HiZ drive
v0000029c5b163060_0 .net "clk", 0 0, o0000029c5b1a5098;  0 drivers
v0000029c5b162d30_0 .var/i "i", 31 0;
o0000029c5b1a50f8 .functor BUFZ 8, C4<zzzzzzzz>; HiZ drive
v0000029c5b162dd0_0 .net "i_addr", 7 0, o0000029c5b1a50f8;  0 drivers
o0000029c5b1a5128 .functor BUFZ 1, C4<z>; HiZ drive
v0000029c5b162e70_0 .net "i_cs", 0 0, o0000029c5b1a5128;  0 drivers
o0000029c5b1a5158 .functor BUFZ 3, C4<zzz>; HiZ drive
v0000029c5b29bab0_0 .net "i_funct3", 2 0, o0000029c5b1a5158;  0 drivers
o0000029c5b1a5188 .functor BUFZ 1, C4<z>; HiZ drive
v0000029c5b29bb50_0 .net "i_load_store", 0 0, o0000029c5b1a5188;  0 drivers
o0000029c5b1a51b8 .functor BUFZ 32, C4<zzzzzzzzzzzzzzzzzzzzzzzzzzzzzzzz>; HiZ drive
v0000029c5b29bbf0_0 .net "i_wdata", 31 0, o0000029c5b1a51b8;  0 drivers
v0000029c5b29bc90 .array "mem", 255 0, 31 0;
v0000029c5b194540_0 .var "o_rdata", 31 0;
o0000029c5b1a8218 .functor BUFZ 1, C4<z>; HiZ drive
v0000029c5b1945e0_0 .net "rst_n", 0 0, o0000029c5b1a8218;  0 drivers
E_0000029c5b299210/0 .event anyedge, v0000029c5b1945e0_0, v0000029c5b162e70_0, v0000029c5b29bb50_0, v0000029c5b29bab0_0;
v0000029c5b29bc90_0 .array/port v0000029c5b29bc90, 0;
v0000029c5b29bc90_1 .array/port v0000029c5b29bc90, 1;
v0000029c5b29bc90_2 .array/port v0000029c5b29bc90, 2;
E_0000029c5b299210/1 .event anyedge, v0000029c5b162dd0_0, v0000029c5b29bc90_0, v0000029c5b29bc90_1, v0000029c5b29bc90_2;
v0000029c5b29bc90_3 .array/port v0000029c5b29bc90, 3;
v0000029c5b29bc90_4 .array/port v0000029c5b29bc90, 4;
v0000029c5b29bc90_5 .array/port v0000029c5b29bc90, 5;
v0000029c5b29bc90_6 .array/port v0000029c5b29bc90, 6;
E_0000029c5b299210/2 .event anyedge, v0000029c5b29bc90_3, v0000029c5b29bc90_4, v0000029c5b29bc90_5, v0000029c5b29bc90_6;
v0000029c5b29bc90_7 .array/port v0000029c5b29bc90, 7;
v0000029c5b29bc90_8 .array/port v0000029c5b29bc90, 8;
v0000029c5b29bc90_9 .array/port v0000029c5b29bc90, 9;
v0000029c5b29bc90_10 .array/port v0000029c5b29bc90, 10;
E_0000029c5b299210/3 .event anyedge, v0000029c5b29bc90_7, v0000029c5b29bc90_8, v0000029c5b29bc90_9, v0000029c5b29bc90_10;
v0000029c5b29bc90_11 .array/port v0000029c5b29bc90, 11;
v0000029c5b29bc90_12 .array/port v0000029c5b29bc90, 12;
v0000029c5b29bc90_13 .array/port v0000029c5b29bc90, 13;
v0000029c5b29bc90_14 .array/port v0000029c5b29bc90, 14;
E_0000029c5b299210/4 .event anyedge, v0000029c5b29bc90_11, v0000029c5b29bc90_12, v0000029c5b29bc90_13, v0000029c5b29bc90_14;
v0000029c5b29bc90_15 .array/port v0000029c5b29bc90, 15;
v0000029c5b29bc90_16 .array/port v0000029c5b29bc90, 16;
v0000029c5b29bc90_17 .array/port v0000029c5b29bc90, 17;
v0000029c5b29bc90_18 .array/port v0000029c5b29bc90, 18;
E_0000029c5b299210/5 .event anyedge, v0000029c5b29bc90_15, v0000029c5b29bc90_16, v0000029c5b29bc90_17, v0000029c5b29bc90_18;
v0000029c5b29bc90_19 .array/port v0000029c5b29bc90, 19;
v0000029c5b29bc90_20 .array/port v0000029c5b29bc90, 20;
v0000029c5b29bc90_21 .array/port v0000029c5b29bc90, 21;
v0000029c5b29bc90_22 .array/port v0000029c5b29bc90, 22;
E_0000029c5b299210/6 .event anyedge, v0000029c5b29bc90_19, v0000029c5b29bc90_20, v0000029c5b29bc90_21, v0000029c5b29bc90_22;
v0000029c5b29bc90_23 .array/port v0000029c5b29bc90, 23;
v0000029c5b29bc90_24 .array/port v0000029c5b29bc90, 24;
v0000029c5b29bc90_25 .array/port v0000029c5b29bc90, 25;
v0000029c5b29bc90_26 .array/port v0000029c5b29bc90, 26;
E_0000029c5b299210/7 .event anyedge, v0000029c5b29bc90_23, v0000029c5b29bc90_24, v0000029c5b29bc90_25, v0000029c5b29bc90_26;
v0000029c5b29bc90_27 .array/port v0000029c5b29bc90, 27;
v0000029c5b29bc90_28 .array/port v0000029c5b29bc90, 28;
v0000029c5b29bc90_29 .array/port v0000029c5b29bc90, 29;
v0000029c5b29bc90_30 .array/port v0000029c5b29bc90, 30;
E_0000029c5b299210/8 .event anyedge, v0000029c5b29bc90_27, v0000029c5b29bc90_28, v0000029c5b29bc90_29, v0000029c5b29bc90_30;
v0000029c5b29bc90_31 .array/port v0000029c5b29bc90, 31;
v0000029c5b29bc90_32 .array/port v0000029c5b29bc90, 32;
v0000029c5b29bc90_33 .array/port v0000029c5b29bc90, 33;
v0000029c5b29bc90_34 .array/port v0000029c5b29bc90, 34;
E_0000029c5b299210/9 .event anyedge, v0000029c5b29bc90_31, v0000029c5b29bc90_32, v0000029c5b29bc90_33, v0000029c5b29bc90_34;
v0000029c5b29bc90_35 .array/port v0000029c5b29bc90, 35;
v0000029c5b29bc90_36 .array/port v0000029c5b29bc90, 36;
v0000029c5b29bc90_37 .array/port v0000029c5b29bc90, 37;
v0000029c5b29bc90_38 .array/port v0000029c5b29bc90, 38;
E_0000029c5b299210/10 .event anyedge, v0000029c5b29bc90_35, v0000029c5b29bc90_36, v0000029c5b29bc90_37, v0000029c5b29bc90_38;
v0000029c5b29bc90_39 .array/port v0000029c5b29bc90, 39;
v0000029c5b29bc90_40 .array/port v0000029c5b29bc90, 40;
v0000029c5b29bc90_41 .array/port v0000029c5b29bc90, 41;
v0000029c5b29bc90_42 .array/port v0000029c5b29bc90, 42;
E_0000029c5b299210/11 .event anyedge, v0000029c5b29bc90_39, v0000029c5b29bc90_40, v0000029c5b29bc90_41, v0000029c5b29bc90_42;
v0000029c5b29bc90_43 .array/port v0000029c5b29bc90, 43;
v0000029c5b29bc90_44 .array/port v0000029c5b29bc90, 44;
v0000029c5b29bc90_45 .array/port v0000029c5b29bc90, 45;
v0000029c5b29bc90_46 .array/port v0000029c5b29bc90, 46;
E_0000029c5b299210/12 .event anyedge, v0000029c5b29bc90_43, v0000029c5b29bc90_44, v0000029c5b29bc90_45, v0000029c5b29bc90_46;
v0000029c5b29bc90_47 .array/port v0000029c5b29bc90, 47;
v0000029c5b29bc90_48 .array/port v0000029c5b29bc90, 48;
v0000029c5b29bc90_49 .array/port v0000029c5b29bc90, 49;
v0000029c5b29bc90_50 .array/port v0000029c5b29bc90, 50;
E_0000029c5b299210/13 .event anyedge, v0000029c5b29bc90_47, v0000029c5b29bc90_48, v0000029c5b29bc90_49, v0000029c5b29bc90_50;
v0000029c5b29bc90_51 .array/port v0000029c5b29bc90, 51;
v0000029c5b29bc90_52 .array/port v0000029c5b29bc90, 52;
v0000029c5b29bc90_53 .array/port v0000029c5b29bc90, 53;
v0000029c5b29bc90_54 .array/port v0000029c5b29bc90, 54;
E_0000029c5b299210/14 .event anyedge, v0000029c5b29bc90_51, v0000029c5b29bc90_52, v0000029c5b29bc90_53, v0000029c5b29bc90_54;
v0000029c5b29bc90_55 .array/port v0000029c5b29bc90, 55;
v0000029c5b29bc90_56 .array/port v0000029c5b29bc90, 56;
v0000029c5b29bc90_57 .array/port v0000029c5b29bc90, 57;
v0000029c5b29bc90_58 .array/port v0000029c5b29bc90, 58;
E_0000029c5b299210/15 .event anyedge, v0000029c5b29bc90_55, v0000029c5b29bc90_56, v0000029c5b29bc90_57, v0000029c5b29bc90_58;
v0000029c5b29bc90_59 .array/port v0000029c5b29bc90, 59;
v0000029c5b29bc90_60 .array/port v0000029c5b29bc90, 60;
v0000029c5b29bc90_61 .array/port v0000029c5b29bc90, 61;
v0000029c5b29bc90_62 .array/port v0000029c5b29bc90, 62;
E_0000029c5b299210/16 .event anyedge, v0000029c5b29bc90_59, v0000029c5b29bc90_60, v0000029c5b29bc90_61, v0000029c5b29bc90_62;
v0000029c5b29bc90_63 .array/port v0000029c5b29bc90, 63;
v0000029c5b29bc90_64 .array/port v0000029c5b29bc90, 64;
v0000029c5b29bc90_65 .array/port v0000029c5b29bc90, 65;
v0000029c5b29bc90_66 .array/port v0000029c5b29bc90, 66;
E_0000029c5b299210/17 .event anyedge, v0000029c5b29bc90_63, v0000029c5b29bc90_64, v0000029c5b29bc90_65, v0000029c5b29bc90_66;
v0000029c5b29bc90_67 .array/port v0000029c5b29bc90, 67;
v0000029c5b29bc90_68 .array/port v0000029c5b29bc90, 68;
v0000029c5b29bc90_69 .array/port v0000029c5b29bc90, 69;
v0000029c5b29bc90_70 .array/port v0000029c5b29bc90, 70;
E_0000029c5b299210/18 .event anyedge, v0000029c5b29bc90_67, v0000029c5b29bc90_68, v0000029c5b29bc90_69, v0000029c5b29bc90_70;
v0000029c5b29bc90_71 .array/port v0000029c5b29bc90, 71;
v0000029c5b29bc90_72 .array/port v0000029c5b29bc90, 72;
v0000029c5b29bc90_73 .array/port v0000029c5b29bc90, 73;
v0000029c5b29bc90_74 .array/port v0000029c5b29bc90, 74;
E_0000029c5b299210/19 .event anyedge, v0000029c5b29bc90_71, v0000029c5b29bc90_72, v0000029c5b29bc90_73, v0000029c5b29bc90_74;
v0000029c5b29bc90_75 .array/port v0000029c5b29bc90, 75;
v0000029c5b29bc90_76 .array/port v0000029c5b29bc90, 76;
v0000029c5b29bc90_77 .array/port v0000029c5b29bc90, 77;
v0000029c5b29bc90_78 .array/port v0000029c5b29bc90, 78;
E_0000029c5b299210/20 .event anyedge, v0000029c5b29bc90_75, v0000029c5b29bc90_76, v0000029c5b29bc90_77, v0000029c5b29bc90_78;
v0000029c5b29bc90_79 .array/port v0000029c5b29bc90, 79;
v0000029c5b29bc90_80 .array/port v0000029c5b29bc90, 80;
v0000029c5b29bc90_81 .array/port v0000029c5b29bc90, 81;
v0000029c5b29bc90_82 .array/port v0000029c5b29bc90, 82;
E_0000029c5b299210/21 .event anyedge, v0000029c5b29bc90_79, v0000029c5b29bc90_80, v0000029c5b29bc90_81, v0000029c5b29bc90_82;
v0000029c5b29bc90_83 .array/port v0000029c5b29bc90, 83;
v0000029c5b29bc90_84 .array/port v0000029c5b29bc90, 84;
v0000029c5b29bc90_85 .array/port v0000029c5b29bc90, 85;
v0000029c5b29bc90_86 .array/port v0000029c5b29bc90, 86;
E_0000029c5b299210/22 .event anyedge, v0000029c5b29bc90_83, v0000029c5b29bc90_84, v0000029c5b29bc90_85, v0000029c5b29bc90_86;
v0000029c5b29bc90_87 .array/port v0000029c5b29bc90, 87;
v0000029c5b29bc90_88 .array/port v0000029c5b29bc90, 88;
v0000029c5b29bc90_89 .array/port v0000029c5b29bc90, 89;
v0000029c5b29bc90_90 .array/port v0000029c5b29bc90, 90;
E_0000029c5b299210/23 .event anyedge, v0000029c5b29bc90_87, v0000029c5b29bc90_88, v0000029c5b29bc90_89, v0000029c5b29bc90_90;
v0000029c5b29bc90_91 .array/port v0000029c5b29bc90, 91;
v0000029c5b29bc90_92 .array/port v0000029c5b29bc90, 92;
v0000029c5b29bc90_93 .array/port v0000029c5b29bc90, 93;
v0000029c5b29bc90_94 .array/port v0000029c5b29bc90, 94;
E_0000029c5b299210/24 .event anyedge, v0000029c5b29bc90_91, v0000029c5b29bc90_92, v0000029c5b29bc90_93, v0000029c5b29bc90_94;
v0000029c5b29bc90_95 .array/port v0000029c5b29bc90, 95;
v0000029c5b29bc90_96 .array/port v0000029c5b29bc90, 96;
v0000029c5b29bc90_97 .array/port v0000029c5b29bc90, 97;
v0000029c5b29bc90_98 .array/port v0000029c5b29bc90, 98;
E_0000029c5b299210/25 .event anyedge, v0000029c5b29bc90_95, v0000029c5b29bc90_96, v0000029c5b29bc90_97, v0000029c5b29bc90_98;
v0000029c5b29bc90_99 .array/port v0000029c5b29bc90, 99;
v0000029c5b29bc90_100 .array/port v0000029c5b29bc90, 100;
v0000029c5b29bc90_101 .array/port v0000029c5b29bc90, 101;
v0000029c5b29bc90_102 .array/port v0000029c5b29bc90, 102;
E_0000029c5b299210/26 .event anyedge, v0000029c5b29bc90_99, v0000029c5b29bc90_100, v0000029c5b29bc90_101, v0000029c5b29bc90_102;
v0000029c5b29bc90_103 .array/port v0000029c5b29bc90, 103;
v0000029c5b29bc90_104 .array/port v0000029c5b29bc90, 104;
v0000029c5b29bc90_105 .array/port v0000029c5b29bc90, 105;
v0000029c5b29bc90_106 .array/port v0000029c5b29bc90, 106;
E_0000029c5b299210/27 .event anyedge, v0000029c5b29bc90_103, v0000029c5b29bc90_104, v0000029c5b29bc90_105, v0000029c5b29bc90_106;
v0000029c5b29bc90_107 .array/port v0000029c5b29bc90, 107;
v0000029c5b29bc90_108 .array/port v0000029c5b29bc90, 108;
v0000029c5b29bc90_109 .array/port v0000029c5b29bc90, 109;
v0000029c5b29bc90_110 .array/port v0000029c5b29bc90, 110;
E_0000029c5b299210/28 .event anyedge, v0000029c5b29bc90_107, v0000029c5b29bc90_108, v0000029c5b29bc90_109, v0000029c5b29bc90_110;
v0000029c5b29bc90_111 .array/port v0000029c5b29bc90, 111;
v0000029c5b29bc90_112 .array/port v0000029c5b29bc90, 112;
v0000029c5b29bc90_113 .array/port v0000029c5b29bc90, 113;
v0000029c5b29bc90_114 .array/port v0000029c5b29bc90, 114;
E_0000029c5b299210/29 .event anyedge, v0000029c5b29bc90_111, v0000029c5b29bc90_112, v0000029c5b29bc90_113, v0000029c5b29bc90_114;
v0000029c5b29bc90_115 .array/port v0000029c5b29bc90, 115;
v0000029c5b29bc90_116 .array/port v0000029c5b29bc90, 116;
v0000029c5b29bc90_117 .array/port v0000029c5b29bc90, 117;
v0000029c5b29bc90_118 .array/port v0000029c5b29bc90, 118;
E_0000029c5b299210/30 .event anyedge, v0000029c5b29bc90_115, v0000029c5b29bc90_116, v0000029c5b29bc90_117, v0000029c5b29bc90_118;
v0000029c5b29bc90_119 .array/port v0000029c5b29bc90, 119;
v0000029c5b29bc90_120 .array/port v0000029c5b29bc90, 120;
v0000029c5b29bc90_121 .array/port v0000029c5b29bc90, 121;
v0000029c5b29bc90_122 .array/port v0000029c5b29bc90, 122;
E_0000029c5b299210/31 .event anyedge, v0000029c5b29bc90_119, v0000029c5b29bc90_120, v0000029c5b29bc90_121, v0000029c5b29bc90_122;
v0000029c5b29bc90_123 .array/port v0000029c5b29bc90, 123;
v0000029c5b29bc90_124 .array/port v0000029c5b29bc90, 124;
v0000029c5b29bc90_125 .array/port v0000029c5b29bc90, 125;
v0000029c5b29bc90_126 .array/port v0000029c5b29bc90, 126;
E_0000029c5b299210/32 .event anyedge, v0000029c5b29bc90_123, v0000029c5b29bc90_124, v0000029c5b29bc90_125, v0000029c5b29bc90_126;
v0000029c5b29bc90_127 .array/port v0000029c5b29bc90, 127;
v0000029c5b29bc90_128 .array/port v0000029c5b29bc90, 128;
v0000029c5b29bc90_129 .array/port v0000029c5b29bc90, 129;
v0000029c5b29bc90_130 .array/port v0000029c5b29bc90, 130;
E_0000029c5b299210/33 .event anyedge, v0000029c5b29bc90_127, v0000029c5b29bc90_128, v0000029c5b29bc90_129, v0000029c5b29bc90_130;
v0000029c5b29bc90_131 .array/port v0000029c5b29bc90, 131;
v0000029c5b29bc90_132 .array/port v0000029c5b29bc90, 132;
v0000029c5b29bc90_133 .array/port v0000029c5b29bc90, 133;
v0000029c5b29bc90_134 .array/port v0000029c5b29bc90, 134;
E_0000029c5b299210/34 .event anyedge, v0000029c5b29bc90_131, v0000029c5b29bc90_132, v0000029c5b29bc90_133, v0000029c5b29bc90_134;
v0000029c5b29bc90_135 .array/port v0000029c5b29bc90, 135;
v0000029c5b29bc90_136 .array/port v0000029c5b29bc90, 136;
v0000029c5b29bc90_137 .array/port v0000029c5b29bc90, 137;
v0000029c5b29bc90_138 .array/port v0000029c5b29bc90, 138;
E_0000029c5b299210/35 .event anyedge, v0000029c5b29bc90_135, v0000029c5b29bc90_136, v0000029c5b29bc90_137, v0000029c5b29bc90_138;
v0000029c5b29bc90_139 .array/port v0000029c5b29bc90, 139;
v0000029c5b29bc90_140 .array/port v0000029c5b29bc90, 140;
v0000029c5b29bc90_141 .array/port v0000029c5b29bc90, 141;
v0000029c5b29bc90_142 .array/port v0000029c5b29bc90, 142;
E_0000029c5b299210/36 .event anyedge, v0000029c5b29bc90_139, v0000029c5b29bc90_140, v0000029c5b29bc90_141, v0000029c5b29bc90_142;
v0000029c5b29bc90_143 .array/port v0000029c5b29bc90, 143;
v0000029c5b29bc90_144 .array/port v0000029c5b29bc90, 144;
v0000029c5b29bc90_145 .array/port v0000029c5b29bc90, 145;
v0000029c5b29bc90_146 .array/port v0000029c5b29bc90, 146;
E_0000029c5b299210/37 .event anyedge, v0000029c5b29bc90_143, v0000029c5b29bc90_144, v0000029c5b29bc90_145, v0000029c5b29bc90_146;
v0000029c5b29bc90_147 .array/port v0000029c5b29bc90, 147;
v0000029c5b29bc90_148 .array/port v0000029c5b29bc90, 148;
v0000029c5b29bc90_149 .array/port v0000029c5b29bc90, 149;
v0000029c5b29bc90_150 .array/port v0000029c5b29bc90, 150;
E_0000029c5b299210/38 .event anyedge, v0000029c5b29bc90_147, v0000029c5b29bc90_148, v0000029c5b29bc90_149, v0000029c5b29bc90_150;
v0000029c5b29bc90_151 .array/port v0000029c5b29bc90, 151;
v0000029c5b29bc90_152 .array/port v0000029c5b29bc90, 152;
v0000029c5b29bc90_153 .array/port v0000029c5b29bc90, 153;
v0000029c5b29bc90_154 .array/port v0000029c5b29bc90, 154;
E_0000029c5b299210/39 .event anyedge, v0000029c5b29bc90_151, v0000029c5b29bc90_152, v0000029c5b29bc90_153, v0000029c5b29bc90_154;
v0000029c5b29bc90_155 .array/port v0000029c5b29bc90, 155;
v0000029c5b29bc90_156 .array/port v0000029c5b29bc90, 156;
v0000029c5b29bc90_157 .array/port v0000029c5b29bc90, 157;
v0000029c5b29bc90_158 .array/port v0000029c5b29bc90, 158;
E_0000029c5b299210/40 .event anyedge, v0000029c5b29bc90_155, v0000029c5b29bc90_156, v0000029c5b29bc90_157, v0000029c5b29bc90_158;
v0000029c5b29bc90_159 .array/port v0000029c5b29bc90, 159;
v0000029c5b29bc90_160 .array/port v0000029c5b29bc90, 160;
v0000029c5b29bc90_161 .array/port v0000029c5b29bc90, 161;
v0000029c5b29bc90_162 .array/port v0000029c5b29bc90, 162;
E_0000029c5b299210/41 .event anyedge, v0000029c5b29bc90_159, v0000029c5b29bc90_160, v0000029c5b29bc90_161, v0000029c5b29bc90_162;
v0000029c5b29bc90_163 .array/port v0000029c5b29bc90, 163;
v0000029c5b29bc90_164 .array/port v0000029c5b29bc90, 164;
v0000029c5b29bc90_165 .array/port v0000029c5b29bc90, 165;
v0000029c5b29bc90_166 .array/port v0000029c5b29bc90, 166;
E_0000029c5b299210/42 .event anyedge, v0000029c5b29bc90_163, v0000029c5b29bc90_164, v0000029c5b29bc90_165, v0000029c5b29bc90_166;
v0000029c5b29bc90_167 .array/port v0000029c5b29bc90, 167;
v0000029c5b29bc90_168 .array/port v0000029c5b29bc90, 168;
v0000029c5b29bc90_169 .array/port v0000029c5b29bc90, 169;
v0000029c5b29bc90_170 .array/port v0000029c5b29bc90, 170;
E_0000029c5b299210/43 .event anyedge, v0000029c5b29bc90_167, v0000029c5b29bc90_168, v0000029c5b29bc90_169, v0000029c5b29bc90_170;
v0000029c5b29bc90_171 .array/port v0000029c5b29bc90, 171;
v0000029c5b29bc90_172 .array/port v0000029c5b29bc90, 172;
v0000029c5b29bc90_173 .array/port v0000029c5b29bc90, 173;
v0000029c5b29bc90_174 .array/port v0000029c5b29bc90, 174;
E_0000029c5b299210/44 .event anyedge, v0000029c5b29bc90_171, v0000029c5b29bc90_172, v0000029c5b29bc90_173, v0000029c5b29bc90_174;
v0000029c5b29bc90_175 .array/port v0000029c5b29bc90, 175;
v0000029c5b29bc90_176 .array/port v0000029c5b29bc90, 176;
v0000029c5b29bc90_177 .array/port v0000029c5b29bc90, 177;
v0000029c5b29bc90_178 .array/port v0000029c5b29bc90, 178;
E_0000029c5b299210/45 .event anyedge, v0000029c5b29bc90_175, v0000029c5b29bc90_176, v0000029c5b29bc90_177, v0000029c5b29bc90_178;
v0000029c5b29bc90_179 .array/port v0000029c5b29bc90, 179;
v0000029c5b29bc90_180 .array/port v0000029c5b29bc90, 180;
v0000029c5b29bc90_181 .array/port v0000029c5b29bc90, 181;
v0000029c5b29bc90_182 .array/port v0000029c5b29bc90, 182;
E_0000029c5b299210/46 .event anyedge, v0000029c5b29bc90_179, v0000029c5b29bc90_180, v0000029c5b29bc90_181, v0000029c5b29bc90_182;
v0000029c5b29bc90_183 .array/port v0000029c5b29bc90, 183;
v0000029c5b29bc90_184 .array/port v0000029c5b29bc90, 184;
v0000029c5b29bc90_185 .array/port v0000029c5b29bc90, 185;
v0000029c5b29bc90_186 .array/port v0000029c5b29bc90, 186;
E_0000029c5b299210/47 .event anyedge, v0000029c5b29bc90_183, v0000029c5b29bc90_184, v0000029c5b29bc90_185, v0000029c5b29bc90_186;
v0000029c5b29bc90_187 .array/port v0000029c5b29bc90, 187;
v0000029c5b29bc90_188 .array/port v0000029c5b29bc90, 188;
v0000029c5b29bc90_189 .array/port v0000029c5b29bc90, 189;
v0000029c5b29bc90_190 .array/port v0000029c5b29bc90, 190;
E_0000029c5b299210/48 .event anyedge, v0000029c5b29bc90_187, v0000029c5b29bc90_188, v0000029c5b29bc90_189, v0000029c5b29bc90_190;
v0000029c5b29bc90_191 .array/port v0000029c5b29bc90, 191;
v0000029c5b29bc90_192 .array/port v0000029c5b29bc90, 192;
v0000029c5b29bc90_193 .array/port v0000029c5b29bc90, 193;
v0000029c5b29bc90_194 .array/port v0000029c5b29bc90, 194;
E_0000029c5b299210/49 .event anyedge, v0000029c5b29bc90_191, v0000029c5b29bc90_192, v0000029c5b29bc90_193, v0000029c5b29bc90_194;
v0000029c5b29bc90_195 .array/port v0000029c5b29bc90, 195;
v0000029c5b29bc90_196 .array/port v0000029c5b29bc90, 196;
v0000029c5b29bc90_197 .array/port v0000029c5b29bc90, 197;
v0000029c5b29bc90_198 .array/port v0000029c5b29bc90, 198;
E_0000029c5b299210/50 .event anyedge, v0000029c5b29bc90_195, v0000029c5b29bc90_196, v0000029c5b29bc90_197, v0000029c5b29bc90_198;
v0000029c5b29bc90_199 .array/port v0000029c5b29bc90, 199;
v0000029c5b29bc90_200 .array/port v0000029c5b29bc90, 200;
v0000029c5b29bc90_201 .array/port v0000029c5b29bc90, 201;
v0000029c5b29bc90_202 .array/port v0000029c5b29bc90, 202;
E_0000029c5b299210/51 .event anyedge, v0000029c5b29bc90_199, v0000029c5b29bc90_200, v0000029c5b29bc90_201, v0000029c5b29bc90_202;
v0000029c5b29bc90_203 .array/port v0000029c5b29bc90, 203;
v0000029c5b29bc90_204 .array/port v0000029c5b29bc90, 204;
v0000029c5b29bc90_205 .array/port v0000029c5b29bc90, 205;
v0000029c5b29bc90_206 .array/port v0000029c5b29bc90, 206;
E_0000029c5b299210/52 .event anyedge, v0000029c5b29bc90_203, v0000029c5b29bc90_204, v0000029c5b29bc90_205, v0000029c5b29bc90_206;
v0000029c5b29bc90_207 .array/port v0000029c5b29bc90, 207;
v0000029c5b29bc90_208 .array/port v0000029c5b29bc90, 208;
v0000029c5b29bc90_209 .array/port v0000029c5b29bc90, 209;
v0000029c5b29bc90_210 .array/port v0000029c5b29bc90, 210;
E_0000029c5b299210/53 .event anyedge, v0000029c5b29bc90_207, v0000029c5b29bc90_208, v0000029c5b29bc90_209, v0000029c5b29bc90_210;
v0000029c5b29bc90_211 .array/port v0000029c5b29bc90, 211;
v0000029c5b29bc90_212 .array/port v0000029c5b29bc90, 212;
v0000029c5b29bc90_213 .array/port v0000029c5b29bc90, 213;
v0000029c5b29bc90_214 .array/port v0000029c5b29bc90, 214;
E_0000029c5b299210/54 .event anyedge, v0000029c5b29bc90_211, v0000029c5b29bc90_212, v0000029c5b29bc90_213, v0000029c5b29bc90_214;
v0000029c5b29bc90_215 .array/port v0000029c5b29bc90, 215;
v0000029c5b29bc90_216 .array/port v0000029c5b29bc90, 216;
v0000029c5b29bc90_217 .array/port v0000029c5b29bc90, 217;
v0000029c5b29bc90_218 .array/port v0000029c5b29bc90, 218;
E_0000029c5b299210/55 .event anyedge, v0000029c5b29bc90_215, v0000029c5b29bc90_216, v0000029c5b29bc90_217, v0000029c5b29bc90_218;
v0000029c5b29bc90_219 .array/port v0000029c5b29bc90, 219;
v0000029c5b29bc90_220 .array/port v0000029c5b29bc90, 220;
v0000029c5b29bc90_221 .array/port v0000029c5b29bc90, 221;
v0000029c5b29bc90_222 .array/port v0000029c5b29bc90, 222;
E_0000029c5b299210/56 .event anyedge, v0000029c5b29bc90_219, v0000029c5b29bc90_220, v0000029c5b29bc90_221, v0000029c5b29bc90_222;
v0000029c5b29bc90_223 .array/port v0000029c5b29bc90, 223;
v0000029c5b29bc90_224 .array/port v0000029c5b29bc90, 224;
v0000029c5b29bc90_225 .array/port v0000029c5b29bc90, 225;
v0000029c5b29bc90_226 .array/port v0000029c5b29bc90, 226;
E_0000029c5b299210/57 .event anyedge, v0000029c5b29bc90_223, v0000029c5b29bc90_224, v0000029c5b29bc90_225, v0000029c5b29bc90_226;
v0000029c5b29bc90_227 .array/port v0000029c5b29bc90, 227;
v0000029c5b29bc90_228 .array/port v0000029c5b29bc90, 228;
v0000029c5b29bc90_229 .array/port v0000029c5b29bc90, 229;
v0000029c5b29bc90_230 .array/port v0000029c5b29bc90, 230;
E_0000029c5b299210/58 .event anyedge, v0000029c5b29bc90_227, v0000029c5b29bc90_228, v0000029c5b29bc90_229, v0000029c5b29bc90_230;
v0000029c5b29bc90_231 .array/port v0000029c5b29bc90, 231;
v0000029c5b29bc90_232 .array/port v0000029c5b29bc90, 232;
v0000029c5b29bc90_233 .array/port v0000029c5b29bc90, 233;
v0000029c5b29bc90_234 .array/port v0000029c5b29bc90, 234;
E_0000029c5b299210/59 .event anyedge, v0000029c5b29bc90_231, v0000029c5b29bc90_232, v0000029c5b29bc90_233, v0000029c5b29bc90_234;
v0000029c5b29bc90_235 .array/port v0000029c5b29bc90, 235;
v0000029c5b29bc90_236 .array/port v0000029c5b29bc90, 236;
v0000029c5b29bc90_237 .array/port v0000029c5b29bc90, 237;
v0000029c5b29bc90_238 .array/port v0000029c5b29bc90, 238;
E_0000029c5b299210/60 .event anyedge, v0000029c5b29bc90_235, v0000029c5b29bc90_236, v0000029c5b29bc90_237, v0000029c5b29bc90_238;
v0000029c5b29bc90_239 .array/port v0000029c5b29bc90, 239;
v0000029c5b29bc90_240 .array/port v0000029c5b29bc90, 240;
v0000029c5b29bc90_241 .array/port v0000029c5b29bc90, 241;
v0000029c5b29bc90_242 .array/port v0000029c5b29bc90, 242;
E_0000029c5b299210/61 .event anyedge, v0000029c5b29bc90_239, v0000029c5b29bc90_240, v0000029c5b29bc90_241, v0000029c5b29bc90_242;
v0000029c5b29bc90_243 .array/port v0000029c5b29bc90, 243;
v0000029c5b29bc90_244 .array/port v0000029c5b29bc90, 244;
v0000029c5b29bc90_245 .array/port v0000029c5b29bc90, 245;
v0000029c5b29bc90_246 .array/port v0000029c5b29bc90, 246;
E_0000029c5b299210/62 .event anyedge, v0000029c5b29bc90_243, v0000029c5b29bc90_244, v0000029c5b29bc90_245, v0000029c5b29bc90_246;
v0000029c5b29bc90_247 .array/port v0000029c5b29bc90, 247;
v0000029c5b29bc90_248 .array/port v0000029c5b29bc90, 248;
v0000029c5b29bc90_249 .array/port v0000029c5b29bc90, 249;
v0000029c5b29bc90_250 .array/port v0000029c5b29bc90, 250;
E_0000029c5b299210/63 .event anyedge, v0000029c5b29bc90_247, v0000029c5b29bc90_248, v0000029c5b29bc90_249, v0000029c5b29bc90_250;
v0000029c5b29bc90_251 .array/port v0000029c5b29bc90, 251;
v0000029c5b29bc90_252 .array/port v0000029c5b29bc90, 252;
v0000029c5b29bc90_253 .array/port v0000029c5b29bc90, 253;
v0000029c5b29bc90_254 .array/port v0000029c5b29bc90, 254;
E_0000029c5b299210/64 .event anyedge, v0000029c5b29bc90_251, v0000029c5b29bc90_252, v0000029c5b29bc90_253, v0000029c5b29bc90_254;
v0000029c5b29bc90_255 .array/port v0000029c5b29bc90, 255;
E_0000029c5b299210/65 .event anyedge, v0000029c5b29bc90_255;
E_0000029c5b299210 .event/or E_0000029c5b299210/0, E_0000029c5b299210/1, E_0000029c5b299210/2, E_0000029c5b299210/3, E_0000029c5b299210/4, E_0000029c5b299210/5, E_0000029c5b299210/6, E_0000029c5b299210/7, E_0000029c5b299210/8, E_0000029c5b299210/9, E_0000029c5b299210/10, E_0000029c5b299210/11, E_0000029c5b299210/12, E_0000029c5b299210/13, E_0000029c5b299210/14, E_0000029c5b299210/15, E_0000029c5b299210/16, E_0000029c5b299210/17, E_0000029c5b299210/18, E_0000029c5b299210/19, E_0000029c5b299210/20, E_0000029c5b299210/21, E_0000029c5b299210/22, E_0000029c5b299210/23, E_0000029c5b299210/24, E_0000029c5b299210/25, E_0000029c5b299210/26, E_0000029c5b299210/27, E_0000029c5b299210/28, E_0000029c5b299210/29, E_0000029c5b299210/30, E_0000029c5b299210/31, E_0000029c5b299210/32, E_0000029c5b299210/33, E_0000029c5b299210/34, E_0000029c5b299210/35, E_0000029c5b299210/36, E_0000029c5b299210/37, E_0000029c5b299210/38, E_0000029c5b299210/39, E_0000029c5b299210/40, E_0000029c5b299210/41, E_0000029c5b299210/42, E_0000029c5b299210/43, E_0000029c5b299210/44, E_0000029c5b299210/45, E_0000029c5b299210/46, E_0000029c5b299210/47, E_0000029c5b299210/48, E_0000029c5b299210/49, E_0000029c5b299210/50, E_0000029c5b299210/51, E_0000029c5b299210/52, E_0000029c5b299210/53, E_0000029c5b299210/54, E_0000029c5b299210/55, E_0000029c5b299210/56, E_0000029c5b299210/57, E_0000029c5b299210/58, E_0000029c5b299210/59, E_0000029c5b299210/60, E_0000029c5b299210/61, E_0000029c5b299210/62, E_0000029c5b299210/63, E_0000029c5b299210/64, E_0000029c5b299210/65;
E_0000029c5b299410/0 .event negedge, v0000029c5b1945e0_0;
E_0000029c5b299410/1 .event posedge, v0000029c5b163060_0;
E_0000029c5b299410 .event/or E_0000029c5b299410/0, E_0000029c5b299410/1;
    .scope S_0000029c5b162ba0;
T_0 ;
    %wait E_0000029c5b299410;
    %load/vec4 v0000029c5b1945e0_0;
    %inv;
    %flag_set/vec4 8;
    %jmp/0xz  T_0.0, 8;
    %pushi/vec4 0, 0, 32;
    %store/vec4 v0000029c5b162d30_0, 0, 32;
T_0.2 ;
    %load/vec4 v0000029c5b162d30_0;
    %cmpi/s 256, 0, 32;
    %jmp/0xz T_0.3, 5;
    %pushi/vec4 0, 0, 32;
    %ix/getv/s 3, v0000029c5b162d30_0;
    %ix/load 4, 0, 0; Constant delay
    %assign/vec4/a/d v0000029c5b29bc90, 0, 4;
    %load/vec4 v0000029c5b162d30_0;
    %addi 1, 0, 32;
    %store/vec4 v0000029c5b162d30_0, 0, 32;
    %jmp T_0.2;
T_0.3 ;
    %jmp T_0.1;
T_0.0 ;
    %load/vec4 v0000029c5b162e70_0;
    %load/vec4 v0000029c5b29bb50_0;
    %and;
    %flag_set/vec4 8;
    %jmp/0xz  T_0.4, 8;
    %load/vec4 v0000029c5b29bab0_0;
    %dup/vec4;
    %pushi/vec4 0, 0, 3;
    %cmp/u;
    %jmp/1 T_0.6, 6;
    %dup/vec4;
    %pushi/vec4 1, 0, 3;
    %cmp/u;
    %jmp/1 T_0.7, 6;
    %dup/vec4;
    %pushi/vec4 2, 0, 3;
    %cmp/u;
    %jmp/1 T_0.8, 6;
    %jmp T_0.9;
T_0.6 ;
    %load/vec4 v0000029c5b29bbf0_0;
    %parti/s 1, 7, 4;
    %replicate 24;
    %load/vec4 v0000029c5b29bbf0_0;
    %parti/s 8, 0, 2;
    %concat/vec4; draw_concat_vec4
    %load/vec4 v0000029c5b162dd0_0;
    %pad/u 10;
    %ix/vec4 3;
    %ix/load 4, 0, 0; Constant delay
    %assign/vec4/a/d v0000029c5b29bc90, 0, 4;
    %jmp T_0.9;
T_0.7 ;
    %load/vec4 v0000029c5b29bbf0_0;
    %parti/s 1, 15, 5;
    %replicate 16;
    %load/vec4 v0000029c5b29bbf0_0;
    %parti/s 16, 0, 2;
    %concat/vec4; draw_concat_vec4
    %load/vec4 v0000029c5b162dd0_0;
    %pad/u 10;
    %ix/vec4 3;
    %ix/load 4, 0, 0; Constant delay
    %assign/vec4/a/d v0000029c5b29bc90, 0, 4;
    %jmp T_0.9;
T_0.8 ;
    %load/vec4 v0000029c5b29bbf0_0;
    %load/vec4 v0000029c5b162dd0_0;
    %pad/u 10;
    %ix/vec4 3;
    %ix/load 4, 0, 0; Constant delay
    %assign/vec4/a/d v0000029c5b29bc90, 0, 4;
    %jmp T_0.9;
T_0.9 ;
    %pop/vec4 1;
T_0.4 ;
T_0.1 ;
    %jmp T_0;
    .thread T_0;
    .scope S_0000029c5b162ba0;
T_1 ;
    %wait E_0000029c5b299210;
    %load/vec4 v0000029c5b1945e0_0;
    %inv;
    %flag_set/vec4 8;
    %jmp/0xz  T_1.0, 8;
    %pushi/vec4 0, 0, 32;
    %assign/vec4 v0000029c5b194540_0, 0;
    %jmp T_1.1;
T_1.0 ;
    %load/vec4 v0000029c5b162e70_0;
    %load/vec4 v0000029c5b29bb50_0;
    %inv;
    %and;
    %flag_set/vec4 8;
    %jmp/0xz  T_1.2, 8;
    %load/vec4 v0000029c5b29bab0_0;
    %dup/vec4;
    %pushi/vec4 0, 0, 3;
    %cmp/u;
    %jmp/1 T_1.4, 6;
    %dup/vec4;
    %pushi/vec4 1, 0, 3;
    %cmp/u;
    %jmp/1 T_1.5, 6;
    %dup/vec4;
    %pushi/vec4 2, 0, 3;
    %cmp/u;
    %jmp/1 T_1.6, 6;
    %dup/vec4;
    %pushi/vec4 4, 0, 3;
    %cmp/u;
    %jmp/1 T_1.7, 6;
    %dup/vec4;
    %pushi/vec4 5, 0, 3;
    %cmp/u;
    %jmp/1 T_1.8, 6;
    %jmp T_1.9;
T_1.4 ;
    %load/vec4 v0000029c5b162dd0_0;
    %pad/u 10;
    %ix/vec4 4;
    %load/vec4a v0000029c5b29bc90, 4;
    %parti/s 1, 7, 4;
    %replicate 24;
    %load/vec4 v0000029c5b162dd0_0;
    %pad/u 10;
    %ix/vec4 4;
    %load/vec4a v0000029c5b29bc90, 4;
    %parti/s 8, 0, 2;
    %concat/vec4; draw_concat_vec4
    %assign/vec4 v0000029c5b194540_0, 0;
    %jmp T_1.9;
T_1.5 ;
    %load/vec4 v0000029c5b162dd0_0;
    %pad/u 10;
    %ix/vec4 4;
    %load/vec4a v0000029c5b29bc90, 4;
    %parti/s 1, 15, 5;
    %replicate 16;
    %load/vec4 v0000029c5b162dd0_0;
    %pad/u 10;
    %ix/vec4 4;
    %load/vec4a v0000029c5b29bc90, 4;
    %parti/s 16, 0, 2;
    %concat/vec4; draw_concat_vec4
    %assign/vec4 v0000029c5b194540_0, 0;
    %jmp T_1.9;
T_1.6 ;
    %load/vec4 v0000029c5b162dd0_0;
    %pad/u 10;
    %ix/vec4 4;
    %load/vec4a v0000029c5b29bc90, 4;
    %assign/vec4 v0000029c5b194540_0, 0;
    %jmp T_1.9;
T_1.7 ;
    %pushi/vec4 0, 0, 24;
    %load/vec4 v0000029c5b162dd0_0;
    %pad/u 10;
    %ix/vec4 4;
    %load/vec4a v0000029c5b29bc90, 4;
    %parti/s 8, 0, 2;
    %concat/vec4; draw_concat_vec4
    %assign/vec4 v0000029c5b194540_0, 0;
    %jmp T_1.9;
T_1.8 ;
    %pushi/vec4 0, 0, 16;
    %load/vec4 v0000029c5b162dd0_0;
    %pad/u 10;
    %ix/vec4 4;
    %load/vec4a v0000029c5b29bc90, 4;
    %parti/s 16, 0, 2;
    %concat/vec4; draw_concat_vec4
    %assign/vec4 v0000029c5b194540_0, 0;
    %jmp T_1.9;
T_1.9 ;
    %pop/vec4 1;
T_1.2 ;
T_1.1 ;
    %jmp T_1;
    .thread T_1, $push;
# The file index is used to find the file name in the following table.
:file_names 3;
    "N/A";
    "<interactive>";
    "DMEM.v";
