#! /c/Source/iverilog-install/bin/vvp
:ivl_version "12.0 (devel)" "(s20150603-1110-g18392a46)";
:ivl_delay_selection "TYPICAL";
:vpi_time_precision + 0;
:vpi_module "D:\iverilog\iverilog\lib\ivl\system.vpi";
:vpi_module "D:\iverilog\iverilog\lib\ivl\vhdl_sys.vpi";
:vpi_module "D:\iverilog\iverilog\lib\ivl\vhdl_textio.vpi";
:vpi_module "D:\iverilog\iverilog\lib\ivl\v2005_math.vpi";
:vpi_module "D:\iverilog\iverilog\lib\ivl\va_math.vpi";
S_0000021580272830 .scope module, "EX_ME" "EX_ME" 2 1;
 .timescale 0 0;
    .port_info 0 /INPUT 1 "clk";
    .port_info 1 /INPUT 1 "rst_n";
    .port_info 2 /INPUT 2 "writebackE";
    .port_info 3 /INPUT 3 "funcE";
    .port_info 4 /INPUT 1 "load_storeE";
    .port_info 5 /INPUT 1 "en_dmemE";
    .port_info 6 /INPUT 1 "wen_rfE";
    .port_info 7 /INPUT 32 "alu_resultE";
    .port_info 8 /INPUT 32 "out_rf2E1";
    .port_info 9 /INPUT 5 "rdE";
    .port_info 10 /INPUT 8 "PC_nextE";
    .port_info 11 /OUTPUT 2 "writebackM";
    .port_info 12 /OUTPUT 3 "funcM";
    .port_info 13 /OUTPUT 1 "load_storeM";
    .port_info 14 /OUTPUT 1 "en_dmemM";
    .port_info 15 /OUTPUT 1 "wen_rfM";
    .port_info 16 /OUTPUT 32 "alu_resultM";
    .port_info 17 /OUTPUT 32 "out_rf2M";
    .port_info 18 /OUTPUT 5 "rdM";
    .port_info 19 /OUTPUT 8 "PC_nextM";
o00000215802abfd8 .functor BUFZ 8, C4<zzzzzzzz>; HiZ drive
v0000021580272dd0_0 .net "PC_nextE", 7 0, o00000215802abfd8;  0 drivers
v0000021580272b10_0 .var "PC_nextM", 7 0;
o00000215802ac038 .functor BUFZ 32, C4<zzzzzzzzzzzzzzzzzzzzzzzzzzzzzzzz>; HiZ drive
v00000215802f2c50_0 .net "alu_resultE", 31 0, o00000215802ac038;  0 drivers
v00000215802f2cf0_0 .var "alu_resultM", 31 0;
o00000215802ac098 .functor BUFZ 1, C4<z>; HiZ drive
v00000215802f2d90_0 .net "clk", 0 0, o00000215802ac098;  0 drivers
o00000215802ac0c8 .functor BUFZ 1, C4<z>; HiZ drive
v00000215802f2e30_0 .net "en_dmemE", 0 0, o00000215802ac0c8;  0 drivers
v00000215802f2ed0_0 .var "en_dmemM", 0 0;
o00000215802ac128 .functor BUFZ 3, C4<zzz>; HiZ drive
v00000215802f2f70_0 .net "funcE", 2 0, o00000215802ac128;  0 drivers
v00000215802f3010_0 .var "funcM", 2 0;
o00000215802ac188 .functor BUFZ 1, C4<z>; HiZ drive
v00000215802f30b0_0 .net "load_storeE", 0 0, o00000215802ac188;  0 drivers
v00000215802f3150_0 .var "load_storeM", 0 0;
o00000215802ac1e8 .functor BUFZ 32, C4<zzzzzzzzzzzzzzzzzzzzzzzzzzzzzzzz>; HiZ drive
v00000215802f31f0_0 .net "out_rf2E1", 31 0, o00000215802ac1e8;  0 drivers
v00000215802f3290_0 .var "out_rf2M", 31 0;
o00000215802ac248 .functor BUFZ 5, C4<zzzzz>; HiZ drive
v00000215802f3330_0 .net "rdE", 4 0, o00000215802ac248;  0 drivers
v00000215802f33d0_0 .var "rdM", 4 0;
o00000215802ac2a8 .functor BUFZ 1, C4<z>; HiZ drive
v00000215802f3470_0 .net "rst_n", 0 0, o00000215802ac2a8;  0 drivers
o00000215802ac2d8 .functor BUFZ 1, C4<z>; HiZ drive
v00000215802a3a30_0 .net "wen_rfE", 0 0, o00000215802ac2d8;  0 drivers
v00000215802a3210_0 .var "wen_rfM", 0 0;
o00000215802ac338 .functor BUFZ 2, C4<zz>; HiZ drive
v00000215802a3170_0 .net "writebackE", 1 0, o00000215802ac338;  0 drivers
v00000215802a2bd0_0 .var "writebackM", 1 0;
E_00000215802a8750 .event posedge, v00000215802f2d90_0;
    .scope S_0000021580272830;
T_0 ;
    %wait E_00000215802a8750;
    %load/vec4 v00000215802f3470_0;
    %inv;
    %flag_set/vec4 8;
    %jmp/0xz  T_0.0, 8;
    %pushi/vec4 0, 0, 2;
    %assign/vec4 v00000215802a2bd0_0, 0;
    %pushi/vec4 0, 0, 3;
    %assign/vec4 v00000215802f3010_0, 0;
    %pushi/vec4 0, 0, 1;
    %assign/vec4 v00000215802f3150_0, 0;
    %pushi/vec4 0, 0, 1;
    %assign/vec4 v00000215802f2ed0_0, 0;
    %pushi/vec4 0, 0, 1;
    %assign/vec4 v00000215802a3210_0, 0;
    %pushi/vec4 0, 0, 32;
    %assign/vec4 v00000215802f2cf0_0, 0;
    %pushi/vec4 0, 0, 32;
    %assign/vec4 v00000215802f3290_0, 0;
    %pushi/vec4 0, 0, 5;
    %assign/vec4 v00000215802f33d0_0, 0;
    %pushi/vec4 0, 0, 8;
    %assign/vec4 v0000021580272b10_0, 0;
    %jmp T_0.1;
T_0.0 ;
    %load/vec4 v00000215802a3170_0;
    %assign/vec4 v00000215802a2bd0_0, 0;
    %load/vec4 v00000215802f2f70_0;
    %assign/vec4 v00000215802f3010_0, 0;
    %load/vec4 v00000215802f30b0_0;
    %assign/vec4 v00000215802f3150_0, 0;
    %load/vec4 v00000215802f2e30_0;
    %assign/vec4 v00000215802f2ed0_0, 0;
    %load/vec4 v00000215802a3a30_0;
    %assign/vec4 v00000215802a3210_0, 0;
    %load/vec4 v00000215802f2c50_0;
    %assign/vec4 v00000215802f2cf0_0, 0;
    %load/vec4 v00000215802f31f0_0;
    %assign/vec4 v00000215802f3290_0, 0;
    %load/vec4 v00000215802f3330_0;
    %assign/vec4 v00000215802f33d0_0, 0;
    %load/vec4 v0000021580272dd0_0;
    %assign/vec4 v0000021580272b10_0, 0;
T_0.1 ;
    %jmp T_0;
    .thread T_0;
# The file index is used to find the file name in the following table.
:file_names 3;
    "N/A";
    "<interactive>";
    "EX_MEM.v";
