#! /c/Source/iverilog-install/bin/vvp
:ivl_version "12.0 (devel)" "(s20150603-1110-g18392a46)";
:ivl_delay_selection "TYPICAL";
:vpi_time_precision + 0;
:vpi_module "D:\iverilog\iverilog\lib\ivl\system.vpi";
:vpi_module "D:\iverilog\iverilog\lib\ivl\vhdl_sys.vpi";
:vpi_module "D:\iverilog\iverilog\lib\ivl\vhdl_textio.vpi";
:vpi_module "D:\iverilog\iverilog\lib\ivl\v2005_math.vpi";
:vpi_module "D:\iverilog\iverilog\lib\ivl\va_math.vpi";
S_0000022e36602fc0 .scope module, "HAZARD_UNIT" "HAZARD_UNIT" 2 1;
 .timescale 0 0;
    .port_info 0 /INPUT 5 "D_rs1";
    .port_info 1 /INPUT 5 "D_rs2";
    .port_info 2 /INPUT 1 "branch_jump";
    .port_info 3 /INPUT 1 "mispre";
    .port_info 4 /INPUT 5 "E_rs1";
    .port_info 5 /INPUT 5 "E_rs2";
    .port_info 6 /INPUT 5 "E_rd";
    .port_info 7 /INPUT 2 "E_wb";
    .port_info 8 /INPUT 5 "M_rd";
    .port_info 9 /INPUT 1 "M_wen_rf";
    .port_info 10 /INPUT 1 "W_wen_rf";
    .port_info 11 /INPUT 5 "W_rd";
    .port_info 12 /OUTPUT 1 "F_stall";
    .port_info 13 /OUTPUT 1 "F_flush";
    .port_info 14 /OUTPUT 1 "D_stall";
    .port_info 15 /OUTPUT 1 "D_flush";
    .port_info 16 /OUTPUT 1 "E_flush";
    .port_info 17 /OUTPUT 2 "E_FWA";
    .port_info 18 /OUTPUT 2 "E_FWB";
L_0000022e3663d0b0 .functor OR 1, L_0000022e3668a1b0, L_0000022e366897b0, C4<0>, C4<0>;
L_0000022e3663d190 .functor AND 1, L_0000022e3663d0b0, L_0000022e3668b150, C4<1>, C4<1>;
L_0000022e3663ce80 .functor AND 1, L_0000022e3663d190, L_0000022e3668af70, C4<1>, C4<1>;
v0000022e36603940_0 .var "D_flush", 0 0;
o0000022e3663ffd8 .functor BUFZ 5, C4<zzzzz>; HiZ drive
v0000022e3637e8b0_0 .net "D_rs1", 4 0, o0000022e3663ffd8;  0 drivers
o0000022e36640008 .functor BUFZ 5, C4<zzzzz>; HiZ drive
v0000022e36603290_0 .net "D_rs2", 4 0, o0000022e36640008;  0 drivers
v0000022e366339f0_0 .var "D_stall", 0 0;
v0000022e36633a90_0 .var "E_FWA", 1 0;
v0000022e36633b30_0 .var "E_FWB", 1 0;
v0000022e36634080_0 .var "E_flush", 0 0;
o0000022e366400f8 .functor BUFZ 5, C4<zzzzz>; HiZ drive
v0000022e366341c0_0 .net "E_rd", 4 0, o0000022e366400f8;  0 drivers
o0000022e36640128 .functor BUFZ 5, C4<zzzzz>; HiZ drive
v0000022e36633c20_0 .net "E_rs1", 4 0, o0000022e36640128;  0 drivers
o0000022e36640158 .functor BUFZ 5, C4<zzzzz>; HiZ drive
v0000022e36633f40_0 .net "E_rs2", 4 0, o0000022e36640158;  0 drivers
o0000022e36640188 .functor BUFZ 2, C4<zz>; HiZ drive
v0000022e36634120_0 .net "E_wb", 1 0, o0000022e36640188;  0 drivers
v0000022e366343a0_0 .var "F_flush", 0 0;
v0000022e36634580_0 .var "F_stall", 0 0;
o0000022e36640218 .functor BUFZ 5, C4<zzzzz>; HiZ drive
v0000022e36634620_0 .net "M_rd", 4 0, o0000022e36640218;  0 drivers
o0000022e36640248 .functor BUFZ 1, C4<z>; HiZ drive
v0000022e36634760_0 .net "M_wen_rf", 0 0, o0000022e36640248;  0 drivers
o0000022e36640278 .functor BUFZ 5, C4<zzzzz>; HiZ drive
v0000022e36634b20_0 .net "W_rd", 4 0, o0000022e36640278;  0 drivers
o0000022e366402a8 .functor BUFZ 1, C4<z>; HiZ drive
v0000022e36634440_0 .net "W_wen_rf", 0 0, o0000022e366402a8;  0 drivers
v0000022e366346c0_0 .net *"_ivl_0", 0 0, L_0000022e3668a1b0;  1 drivers
v0000022e36633e00_0 .net *"_ivl_11", 0 0, L_0000022e3663d190;  1 drivers
v0000022e366349e0_0 .net *"_ivl_12", 31 0, L_0000022e366898f0;  1 drivers
L_0000022e3668b4a0 .functor BUFT 1, C4<000000000000000000000000000>, C4<0>, C4<0>, C4<0>;
v0000022e36633cc0_0 .net *"_ivl_15", 26 0, L_0000022e3668b4a0;  1 drivers
L_0000022e3668b4e8 .functor BUFT 1, C4<00000000000000000000000000000000>, C4<0>, C4<0>, C4<0>;
v0000022e36634800_0 .net/2u *"_ivl_16", 31 0, L_0000022e3668b4e8;  1 drivers
v0000022e36633ea0_0 .net *"_ivl_18", 0 0, L_0000022e3668af70;  1 drivers
v0000022e366348a0_0 .net *"_ivl_2", 0 0, L_0000022e366897b0;  1 drivers
v0000022e366344e0_0 .net *"_ivl_5", 0 0, L_0000022e3663d0b0;  1 drivers
L_0000022e3668b458 .functor BUFT 1, C4<01>, C4<0>, C4<0>, C4<0>;
v0000022e36633d60_0 .net/2u *"_ivl_6", 1 0, L_0000022e3668b458;  1 drivers
v0000022e36634940_0 .net *"_ivl_8", 0 0, L_0000022e3668b150;  1 drivers
o0000022e366404b8 .functor BUFZ 1, C4<z>; HiZ drive
v0000022e36633fe0_0 .net "branch_jump", 0 0, o0000022e366404b8;  0 drivers
v0000022e36634a80_0 .net "lw_hazard", 0 0, L_0000022e3663ce80;  1 drivers
o0000022e36640518 .functor BUFZ 1, C4<z>; HiZ drive
v0000022e36634260_0 .net "mispre", 0 0, o0000022e36640518;  0 drivers
E_0000022e36628910 .event anyedge, v0000022e36634a80_0, v0000022e36634260_0, v0000022e36633fe0_0;
E_0000022e36629310/0 .event anyedge, v0000022e36634620_0, v0000022e36633f40_0, v0000022e36634760_0, v0000022e36634b20_0;
E_0000022e36629310/1 .event anyedge, v0000022e36634440_0;
E_0000022e36629310 .event/or E_0000022e36629310/0, E_0000022e36629310/1;
E_0000022e36629250/0 .event anyedge, v0000022e36634620_0, v0000022e36633c20_0, v0000022e36634760_0, v0000022e36634b20_0;
E_0000022e36629250/1 .event anyedge, v0000022e36634440_0;
E_0000022e36629250 .event/or E_0000022e36629250/0, E_0000022e36629250/1;
L_0000022e3668a1b0 .cmp/eq 5, o0000022e366400f8, o0000022e3663ffd8;
L_0000022e366897b0 .cmp/eq 5, o0000022e366400f8, o0000022e36640008;
L_0000022e3668b150 .cmp/eq 2, o0000022e36640188, L_0000022e3668b458;
L_0000022e366898f0 .concat [ 5 27 0 0], o0000022e366400f8, L_0000022e3668b4a0;
L_0000022e3668af70 .cmp/ne 32, L_0000022e366898f0, L_0000022e3668b4e8;
    .scope S_0000022e36602fc0;
T_0 ;
    %wait E_0000022e36629250;
    %load/vec4 v0000022e36634620_0;
    %load/vec4 v0000022e36633c20_0;
    %cmp/e;
    %flag_get/vec4 4;
    %load/vec4 v0000022e36634760_0;
    %and;
    %load/vec4 v0000022e36633c20_0;
    %pad/u 32;
    %pushi/vec4 0, 0, 32;
    %cmp/ne;
    %flag_get/vec4 4;
    %and;
    %flag_set/vec4 8;
    %jmp/0xz  T_0.0, 8;
    %pushi/vec4 1, 0, 2;
    %store/vec4 v0000022e36633a90_0, 0, 2;
    %jmp T_0.1;
T_0.0 ;
    %load/vec4 v0000022e36634b20_0;
    %load/vec4 v0000022e36633c20_0;
    %cmp/e;
    %flag_get/vec4 4;
    %load/vec4 v0000022e36634440_0;
    %and;
    %load/vec4 v0000022e36633c20_0;
    %pad/u 32;
    %pushi/vec4 0, 0, 32;
    %cmp/ne;
    %flag_get/vec4 4;
    %and;
    %flag_set/vec4 8;
    %jmp/0xz  T_0.2, 8;
    %pushi/vec4 2, 0, 2;
    %store/vec4 v0000022e36633a90_0, 0, 2;
    %jmp T_0.3;
T_0.2 ;
    %pushi/vec4 0, 0, 2;
    %store/vec4 v0000022e36633a90_0, 0, 2;
T_0.3 ;
T_0.1 ;
    %jmp T_0;
    .thread T_0, $push;
    .scope S_0000022e36602fc0;
T_1 ;
    %wait E_0000022e36629310;
    %load/vec4 v0000022e36634620_0;
    %load/vec4 v0000022e36633f40_0;
    %cmp/e;
    %flag_get/vec4 4;
    %load/vec4 v0000022e36634760_0;
    %and;
    %load/vec4 v0000022e36633f40_0;
    %pad/u 32;
    %pushi/vec4 0, 0, 32;
    %cmp/ne;
    %flag_get/vec4 4;
    %and;
    %flag_set/vec4 8;
    %jmp/0xz  T_1.0, 8;
    %pushi/vec4 1, 0, 2;
    %store/vec4 v0000022e36633b30_0, 0, 2;
    %jmp T_1.1;
T_1.0 ;
    %load/vec4 v0000022e36634b20_0;
    %load/vec4 v0000022e36633f40_0;
    %cmp/e;
    %flag_get/vec4 4;
    %load/vec4 v0000022e36634440_0;
    %and;
    %load/vec4 v0000022e36633f40_0;
    %pad/u 32;
    %pushi/vec4 0, 0, 32;
    %cmp/ne;
    %flag_get/vec4 4;
    %and;
    %flag_set/vec4 8;
    %jmp/0xz  T_1.2, 8;
    %pushi/vec4 2, 0, 2;
    %store/vec4 v0000022e36633b30_0, 0, 2;
    %jmp T_1.3;
T_1.2 ;
    %pushi/vec4 0, 0, 2;
    %store/vec4 v0000022e36633b30_0, 0, 2;
T_1.3 ;
T_1.1 ;
    %jmp T_1;
    .thread T_1, $push;
    .scope S_0000022e36602fc0;
T_2 ;
    %wait E_0000022e36628910;
    %pushi/vec4 1, 0, 1;
    %store/vec4 v0000022e36634580_0, 0, 1;
    %pushi/vec4 1, 0, 1;
    %store/vec4 v0000022e366339f0_0, 0, 1;
    %pushi/vec4 0, 0, 1;
    %store/vec4 v0000022e366343a0_0, 0, 1;
    %pushi/vec4 0, 0, 1;
    %store/vec4 v0000022e36603940_0, 0, 1;
    %pushi/vec4 0, 0, 1;
    %store/vec4 v0000022e36634080_0, 0, 1;
    %load/vec4 v0000022e36634a80_0;
    %flag_set/vec4 8;
    %jmp/0xz  T_2.0, 8;
    %pushi/vec4 0, 0, 1;
    %store/vec4 v0000022e36634580_0, 0, 1;
    %pushi/vec4 0, 0, 1;
    %store/vec4 v0000022e366339f0_0, 0, 1;
    %pushi/vec4 1, 0, 1;
    %store/vec4 v0000022e36634080_0, 0, 1;
T_2.0 ;
    %load/vec4 v0000022e36634260_0;
    %load/vec4 v0000022e36633fe0_0;
    %and;
    %flag_set/vec4 8;
    %jmp/0xz  T_2.2, 8;
    %pushi/vec4 1, 0, 1;
    %store/vec4 v0000022e366343a0_0, 0, 1;
    %pushi/vec4 1, 0, 1;
    %store/vec4 v0000022e36603940_0, 0, 1;
    %pushi/vec4 1, 0, 1;
    %store/vec4 v0000022e36634080_0, 0, 1;
T_2.2 ;
    %jmp T_2;
    .thread T_2, $push;
# The file index is used to find the file name in the following table.
:file_names 3;
    "N/A";
    "<interactive>";
    "HAZARD_UNIT.v";
