#! /c/Source/iverilog-install/bin/vvp
:ivl_version "12.0 (devel)" "(s20150603-1110-g18392a46)";
:ivl_delay_selection "TYPICAL";
:vpi_time_precision + 0;
:vpi_module "D:\iverilog\iverilog\lib\ivl\system.vpi";
:vpi_module "D:\iverilog\iverilog\lib\ivl\vhdl_sys.vpi";
:vpi_module "D:\iverilog\iverilog\lib\ivl\vhdl_textio.vpi";
:vpi_module "D:\iverilog\iverilog\lib\ivl\v2005_math.vpi";
:vpi_module "D:\iverilog\iverilog\lib\ivl\va_math.vpi";
S_000002a91cf1af70 .scope module, "IMEM" "IMEM" 2 1;
 .timescale 0 0;
    .port_info 0 /INPUT 32 "i_addr";
    .port_info 1 /OUTPUT 32 "o_ins";
P_000002a91cf1b100 .param/l "a_width" 0 2 2, +C4<00000000000000000000000000100000>;
P_000002a91cf1b138 .param/l "d_width" 0 2 3, +C4<00000000000000000000000000100000>;
o000002a91cde6fa8 .functor BUFZ 32, C4<zzzzzzzzzzzzzzzzzzzzzzzzzzzzzzzz>; HiZ drive
v000002a91cdb3480_0 .net "i_addr", 31 0, o000002a91cde6fa8;  0 drivers
v000002a91cf1baa0 .array "mem", 32 0, 32 0;
v000002a91cf1ed50_0 .var "o_ins", 31 0;
v000002a91cf1baa0_0 .array/port v000002a91cf1baa0, 0;
v000002a91cf1baa0_1 .array/port v000002a91cf1baa0, 1;
v000002a91cf1baa0_2 .array/port v000002a91cf1baa0, 2;
E_000002a91cf17ba0/0 .event anyedge, v000002a91cdb3480_0, v000002a91cf1baa0_0, v000002a91cf1baa0_1, v000002a91cf1baa0_2;
v000002a91cf1baa0_3 .array/port v000002a91cf1baa0, 3;
v000002a91cf1baa0_4 .array/port v000002a91cf1baa0, 4;
v000002a91cf1baa0_5 .array/port v000002a91cf1baa0, 5;
v000002a91cf1baa0_6 .array/port v000002a91cf1baa0, 6;
E_000002a91cf17ba0/1 .event anyedge, v000002a91cf1baa0_3, v000002a91cf1baa0_4, v000002a91cf1baa0_5, v000002a91cf1baa0_6;
v000002a91cf1baa0_7 .array/port v000002a91cf1baa0, 7;
v000002a91cf1baa0_8 .array/port v000002a91cf1baa0, 8;
v000002a91cf1baa0_9 .array/port v000002a91cf1baa0, 9;
v000002a91cf1baa0_10 .array/port v000002a91cf1baa0, 10;
E_000002a91cf17ba0/2 .event anyedge, v000002a91cf1baa0_7, v000002a91cf1baa0_8, v000002a91cf1baa0_9, v000002a91cf1baa0_10;
v000002a91cf1baa0_11 .array/port v000002a91cf1baa0, 11;
v000002a91cf1baa0_12 .array/port v000002a91cf1baa0, 12;
v000002a91cf1baa0_13 .array/port v000002a91cf1baa0, 13;
v000002a91cf1baa0_14 .array/port v000002a91cf1baa0, 14;
E_000002a91cf17ba0/3 .event anyedge, v000002a91cf1baa0_11, v000002a91cf1baa0_12, v000002a91cf1baa0_13, v000002a91cf1baa0_14;
v000002a91cf1baa0_15 .array/port v000002a91cf1baa0, 15;
v000002a91cf1baa0_16 .array/port v000002a91cf1baa0, 16;
v000002a91cf1baa0_17 .array/port v000002a91cf1baa0, 17;
v000002a91cf1baa0_18 .array/port v000002a91cf1baa0, 18;
E_000002a91cf17ba0/4 .event anyedge, v000002a91cf1baa0_15, v000002a91cf1baa0_16, v000002a91cf1baa0_17, v000002a91cf1baa0_18;
v000002a91cf1baa0_19 .array/port v000002a91cf1baa0, 19;
v000002a91cf1baa0_20 .array/port v000002a91cf1baa0, 20;
v000002a91cf1baa0_21 .array/port v000002a91cf1baa0, 21;
v000002a91cf1baa0_22 .array/port v000002a91cf1baa0, 22;
E_000002a91cf17ba0/5 .event anyedge, v000002a91cf1baa0_19, v000002a91cf1baa0_20, v000002a91cf1baa0_21, v000002a91cf1baa0_22;
v000002a91cf1baa0_23 .array/port v000002a91cf1baa0, 23;
v000002a91cf1baa0_24 .array/port v000002a91cf1baa0, 24;
v000002a91cf1baa0_25 .array/port v000002a91cf1baa0, 25;
v000002a91cf1baa0_26 .array/port v000002a91cf1baa0, 26;
E_000002a91cf17ba0/6 .event anyedge, v000002a91cf1baa0_23, v000002a91cf1baa0_24, v000002a91cf1baa0_25, v000002a91cf1baa0_26;
v000002a91cf1baa0_27 .array/port v000002a91cf1baa0, 27;
v000002a91cf1baa0_28 .array/port v000002a91cf1baa0, 28;
v000002a91cf1baa0_29 .array/port v000002a91cf1baa0, 29;
v000002a91cf1baa0_30 .array/port v000002a91cf1baa0, 30;
E_000002a91cf17ba0/7 .event anyedge, v000002a91cf1baa0_27, v000002a91cf1baa0_28, v000002a91cf1baa0_29, v000002a91cf1baa0_30;
v000002a91cf1baa0_31 .array/port v000002a91cf1baa0, 31;
v000002a91cf1baa0_32 .array/port v000002a91cf1baa0, 32;
E_000002a91cf17ba0/8 .event anyedge, v000002a91cf1baa0_31, v000002a91cf1baa0_32;
E_000002a91cf17ba0 .event/or E_000002a91cf17ba0/0, E_000002a91cf17ba0/1, E_000002a91cf17ba0/2, E_000002a91cf17ba0/3, E_000002a91cf17ba0/4, E_000002a91cf17ba0/5, E_000002a91cf17ba0/6, E_000002a91cf17ba0/7, E_000002a91cf17ba0/8;
    .scope S_000002a91cf1af70;
T_0 ;
    %vpi_call 2 13 "$readmemb", "E:/RV32I_PIPELINE/code.txt", v000002a91cf1baa0 {0 0 0};
    %end;
    .thread T_0;
    .scope S_000002a91cf1af70;
T_1 ;
    %wait E_000002a91cf17ba0;
    %ix/getv 4, v000002a91cdb3480_0;
    %load/vec4a v000002a91cf1baa0, 4;
    %pad/u 32;
    %store/vec4 v000002a91cf1ed50_0, 0, 32;
    %jmp T_1;
    .thread T_1, $push;
# The file index is used to find the file name in the following table.
:file_names 3;
    "N/A";
    "<interactive>";
    "IMEM.v";
