#! /c/Source/iverilog-install/bin/vvp
:ivl_version "12.0 (devel)" "(s20150603-1110-g18392a46)";
:ivl_delay_selection "TYPICAL";
:vpi_time_precision + 0;
:vpi_module "D:\iverilog\iverilog\lib\ivl\system.vpi";
:vpi_module "D:\iverilog\iverilog\lib\ivl\vhdl_sys.vpi";
:vpi_module "D:\iverilog\iverilog\lib\ivl\vhdl_textio.vpi";
:vpi_module "D:\iverilog\iverilog\lib\ivl\v2005_math.vpi";
:vpi_module "D:\iverilog\iverilog\lib\ivl\va_math.vpi";
S_00000267ab9b2830 .scope module, "PC" "PC" 2 1;
 .timescale 0 0;
    .port_info 0 /INPUT 1 "clk";
    .port_info 1 /INPUT 1 "rst_n";
    .port_info 2 /INPUT 1 "en";
    .port_info 3 /INPUT 1 "flush";
    .port_info 4 /INPUT 2 "PC_src";
    .port_info 5 /INPUT 32 "PC_target_btb";
    .port_info 6 /INPUT 1 "i_predict";
    .port_info 7 /INPUT 8 "i_addr_PHT";
    .port_info 8 /OUTPUT 2 "F_PC_src";
    .port_info 9 /OUTPUT 32 "F_PC_target_btb";
    .port_info 10 /OUTPUT 1 "F_predict";
    .port_info 11 /OUTPUT 8 "F_addr_PHT";
    .port_info 12 /INPUT 32 "i_PC_next";
    .port_info 13 /OUTPUT 32 "F_PC_cur";
P_00000267ab9e9640 .param/l "d_width" 0 2 2, +C4<00000000000000000000000000100000>;
v00000267ab9b2f10_0 .var "F_PC_cur", 31 0;
v00000267ab9b2cf0_0 .var "F_PC_src", 1 0;
v00000267ab9b2ab0_0 .var "F_PC_target_btb", 31 0;
v00000267ab9b2b50_0 .var "F_addr_PHT", 7 0;
v00000267abb2bbf0_0 .var "F_predict", 0 0;
o00000267ab9ec098 .functor BUFZ 2, C4<zz>; HiZ drive
v00000267abb2bc90_0 .net "PC_src", 1 0, o00000267ab9ec098;  0 drivers
o00000267ab9ec0c8 .functor BUFZ 32, C4<zzzzzzzzzzzzzzzzzzzzzzzzzzzzzzzz>; HiZ drive
v00000267abb2bd30_0 .net "PC_target_btb", 31 0, o00000267ab9ec0c8;  0 drivers
o00000267ab9ec0f8 .functor BUFZ 1, C4<z>; HiZ drive
v00000267abb2bdd0_0 .net "clk", 0 0, o00000267ab9ec0f8;  0 drivers
o00000267ab9ec128 .functor BUFZ 1, C4<z>; HiZ drive
v00000267abb2be70_0 .net "en", 0 0, o00000267ab9ec128;  0 drivers
o00000267ab9ec158 .functor BUFZ 1, C4<z>; HiZ drive
v00000267ab9e25a0_0 .net "flush", 0 0, o00000267ab9ec158;  0 drivers
o00000267ab9ec188 .functor BUFZ 32, C4<zzzzzzzzzzzzzzzzzzzzzzzzzzzzzzzz>; HiZ drive
v00000267ab9e2640_0 .net "i_PC_next", 31 0, o00000267ab9ec188;  0 drivers
o00000267ab9ec1b8 .functor BUFZ 8, C4<zzzzzzzz>; HiZ drive
v00000267ab9e26e0_0 .net "i_addr_PHT", 7 0, o00000267ab9ec1b8;  0 drivers
o00000267ab9ec1e8 .functor BUFZ 1, C4<z>; HiZ drive
v00000267ab9e2780_0 .net "i_predict", 0 0, o00000267ab9ec1e8;  0 drivers
o00000267ab9ec218 .functor BUFZ 1, C4<z>; HiZ drive
v00000267ab9e2820_0 .net "rst_n", 0 0, o00000267ab9ec218;  0 drivers
E_00000267ab9ea180/0 .event negedge, v00000267ab9e2820_0;
E_00000267ab9ea180/1 .event posedge, v00000267abb2bdd0_0;
E_00000267ab9ea180 .event/or E_00000267ab9ea180/0, E_00000267ab9ea180/1;
    .scope S_00000267ab9b2830;
T_0 ;
    %wait E_00000267ab9ea180;
    %load/vec4 v00000267ab9e2820_0;
    %inv;
    %flag_set/vec4 8;
    %jmp/0xz  T_0.0, 8;
    %pushi/vec4 0, 0, 2;
    %assign/vec4 v00000267ab9b2cf0_0, 0;
    %pushi/vec4 0, 0, 32;
    %assign/vec4 v00000267ab9b2ab0_0, 0;
    %pushi/vec4 0, 0, 1;
    %assign/vec4 v00000267abb2bbf0_0, 0;
    %pushi/vec4 0, 0, 8;
    %assign/vec4 v00000267ab9b2b50_0, 0;
    %pushi/vec4 0, 0, 32;
    %assign/vec4 v00000267ab9b2f10_0, 0;
    %jmp T_0.1;
T_0.0 ;
    %load/vec4 v00000267ab9e25a0_0;
    %flag_set/vec4 8;
    %jmp/0xz  T_0.2, 8;
    %pushi/vec4 0, 0, 2;
    %assign/vec4 v00000267ab9b2cf0_0, 0;
    %pushi/vec4 0, 0, 32;
    %assign/vec4 v00000267ab9b2ab0_0, 0;
    %pushi/vec4 0, 0, 1;
    %assign/vec4 v00000267abb2bbf0_0, 0;
    %pushi/vec4 0, 0, 8;
    %assign/vec4 v00000267ab9b2b50_0, 0;
    %pushi/vec4 0, 0, 32;
    %assign/vec4 v00000267ab9b2f10_0, 0;
    %jmp T_0.3;
T_0.2 ;
    %load/vec4 v00000267abb2be70_0;
    %flag_set/vec4 8;
    %jmp/0xz  T_0.4, 8;
    %load/vec4 v00000267abb2bc90_0;
    %assign/vec4 v00000267ab9b2cf0_0, 0;
    %load/vec4 v00000267abb2bd30_0;
    %assign/vec4 v00000267ab9b2ab0_0, 0;
    %load/vec4 v00000267ab9e2780_0;
    %assign/vec4 v00000267abb2bbf0_0, 0;
    %load/vec4 v00000267ab9e26e0_0;
    %assign/vec4 v00000267ab9b2b50_0, 0;
    %load/vec4 v00000267ab9e2640_0;
    %assign/vec4 v00000267ab9b2f10_0, 0;
T_0.4 ;
T_0.3 ;
T_0.1 ;
    %jmp T_0;
    .thread T_0;
# The file index is used to find the file name in the following table.
:file_names 3;
    "N/A";
    "<interactive>";
    "PC.v";
