#! /c/Source/iverilog-install/bin/vvp
:ivl_version "12.0 (devel)" "(s20150603-1110-g18392a46)";
:ivl_delay_selection "TYPICAL";
:vpi_time_precision + 0;
:vpi_module "D:\iverilog\iverilog\lib\ivl\system.vpi";
:vpi_module "D:\iverilog\iverilog\lib\ivl\vhdl_sys.vpi";
:vpi_module "D:\iverilog\iverilog\lib\ivl\vhdl_textio.vpi";
:vpi_module "D:\iverilog\iverilog\lib\ivl\v2005_math.vpi";
:vpi_module "D:\iverilog\iverilog\lib\ivl\va_math.vpi";
S_00000240ac7dbd70 .scope module, "PHT" "PHT" 2 1;
 .timescale 0 0;
    .port_info 0 /INPUT 1 "clk";
    .port_info 1 /INPUT 1 "rst_n";
    .port_info 2 /INPUT 1 "i_update";
    .port_info 3 /INPUT 1 "i_actual_taken";
    .port_info 4 /INPUT 8 "i_addr_update";
    .port_info 5 /INPUT 8 "i_addr";
    .port_info 6 /OUTPUT 1 "o_predict";
P_00000240ac889140 .param/l "Strong_NT" 1 2 16, C4<00>;
P_00000240ac889178 .param/l "Strong_T" 1 2 19, C4<11>;
P_00000240ac8891b0 .param/l "Weak_NT" 1 2 17, C4<01>;
P_00000240ac8891e8 .param/l "Weak_T" 1 2 18, C4<10>;
P_00000240ac889220 .param/l "d_width" 0 2 2, +C4<00000000000000000000000000001000>;
o00000240ac899f88 .functor BUFZ 1, C4<z>; HiZ drive
v00000240ac862f30_0 .net "clk", 0 0, o00000240ac899f88;  0 drivers
v00000240ac862b30_0 .var/i "i", 31 0;
o00000240ac899fe8 .functor BUFZ 1, C4<z>; HiZ drive
v00000240ac889260_0 .net "i_actual_taken", 0 0, o00000240ac899fe8;  0 drivers
o00000240ac89a018 .functor BUFZ 8, C4<zzzzzzzz>; HiZ drive
v00000240ac889300_0 .net "i_addr", 7 0, o00000240ac89a018;  0 drivers
o00000240ac89a048 .functor BUFZ 8, C4<zzzzzzzz>; HiZ drive
v00000240ac8893a0_0 .net "i_addr_update", 7 0, o00000240ac89a048;  0 drivers
o00000240ac89a078 .functor BUFZ 1, C4<z>; HiZ drive
v00000240ac889440_0 .net "i_update", 0 0, o00000240ac89a078;  0 drivers
v00000240ac893e40_0 .var "o_predict", 0 0;
v00000240ac893ee0 .array "pht_mem", 255 0, 1 0;
o00000240ac89d0d8 .functor BUFZ 1, C4<z>; HiZ drive
v00000240ac894790_0 .net "rst_n", 0 0, o00000240ac89d0d8;  0 drivers
v00000240ac893ee0_0 .array/port v00000240ac893ee0, 0;
v00000240ac893ee0_1 .array/port v00000240ac893ee0, 1;
v00000240ac893ee0_2 .array/port v00000240ac893ee0, 2;
E_00000240ac897c20/0 .event anyedge, v00000240ac889300_0, v00000240ac893ee0_0, v00000240ac893ee0_1, v00000240ac893ee0_2;
v00000240ac893ee0_3 .array/port v00000240ac893ee0, 3;
v00000240ac893ee0_4 .array/port v00000240ac893ee0, 4;
v00000240ac893ee0_5 .array/port v00000240ac893ee0, 5;
v00000240ac893ee0_6 .array/port v00000240ac893ee0, 6;
E_00000240ac897c20/1 .event anyedge, v00000240ac893ee0_3, v00000240ac893ee0_4, v00000240ac893ee0_5, v00000240ac893ee0_6;
v00000240ac893ee0_7 .array/port v00000240ac893ee0, 7;
v00000240ac893ee0_8 .array/port v00000240ac893ee0, 8;
v00000240ac893ee0_9 .array/port v00000240ac893ee0, 9;
v00000240ac893ee0_10 .array/port v00000240ac893ee0, 10;
E_00000240ac897c20/2 .event anyedge, v00000240ac893ee0_7, v00000240ac893ee0_8, v00000240ac893ee0_9, v00000240ac893ee0_10;
v00000240ac893ee0_11 .array/port v00000240ac893ee0, 11;
v00000240ac893ee0_12 .array/port v00000240ac893ee0, 12;
v00000240ac893ee0_13 .array/port v00000240ac893ee0, 13;
v00000240ac893ee0_14 .array/port v00000240ac893ee0, 14;
E_00000240ac897c20/3 .event anyedge, v00000240ac893ee0_11, v00000240ac893ee0_12, v00000240ac893ee0_13, v00000240ac893ee0_14;
v00000240ac893ee0_15 .array/port v00000240ac893ee0, 15;
v00000240ac893ee0_16 .array/port v00000240ac893ee0, 16;
v00000240ac893ee0_17 .array/port v00000240ac893ee0, 17;
v00000240ac893ee0_18 .array/port v00000240ac893ee0, 18;
E_00000240ac897c20/4 .event anyedge, v00000240ac893ee0_15, v00000240ac893ee0_16, v00000240ac893ee0_17, v00000240ac893ee0_18;
v00000240ac893ee0_19 .array/port v00000240ac893ee0, 19;
v00000240ac893ee0_20 .array/port v00000240ac893ee0, 20;
v00000240ac893ee0_21 .array/port v00000240ac893ee0, 21;
v00000240ac893ee0_22 .array/port v00000240ac893ee0, 22;
E_00000240ac897c20/5 .event anyedge, v00000240ac893ee0_19, v00000240ac893ee0_20, v00000240ac893ee0_21, v00000240ac893ee0_22;
v00000240ac893ee0_23 .array/port v00000240ac893ee0, 23;
v00000240ac893ee0_24 .array/port v00000240ac893ee0, 24;
v00000240ac893ee0_25 .array/port v00000240ac893ee0, 25;
v00000240ac893ee0_26 .array/port v00000240ac893ee0, 26;
E_00000240ac897c20/6 .event anyedge, v00000240ac893ee0_23, v00000240ac893ee0_24, v00000240ac893ee0_25, v00000240ac893ee0_26;
v00000240ac893ee0_27 .array/port v00000240ac893ee0, 27;
v00000240ac893ee0_28 .array/port v00000240ac893ee0, 28;
v00000240ac893ee0_29 .array/port v00000240ac893ee0, 29;
v00000240ac893ee0_30 .array/port v00000240ac893ee0, 30;
E_00000240ac897c20/7 .event anyedge, v00000240ac893ee0_27, v00000240ac893ee0_28, v00000240ac893ee0_29, v00000240ac893ee0_30;
v00000240ac893ee0_31 .array/port v00000240ac893ee0, 31;
v00000240ac893ee0_32 .array/port v00000240ac893ee0, 32;
v00000240ac893ee0_33 .array/port v00000240ac893ee0, 33;
v00000240ac893ee0_34 .array/port v00000240ac893ee0, 34;
E_00000240ac897c20/8 .event anyedge, v00000240ac893ee0_31, v00000240ac893ee0_32, v00000240ac893ee0_33, v00000240ac893ee0_34;
v00000240ac893ee0_35 .array/port v00000240ac893ee0, 35;
v00000240ac893ee0_36 .array/port v00000240ac893ee0, 36;
v00000240ac893ee0_37 .array/port v00000240ac893ee0, 37;
v00000240ac893ee0_38 .array/port v00000240ac893ee0, 38;
E_00000240ac897c20/9 .event anyedge, v00000240ac893ee0_35, v00000240ac893ee0_36, v00000240ac893ee0_37, v00000240ac893ee0_38;
v00000240ac893ee0_39 .array/port v00000240ac893ee0, 39;
v00000240ac893ee0_40 .array/port v00000240ac893ee0, 40;
v00000240ac893ee0_41 .array/port v00000240ac893ee0, 41;
v00000240ac893ee0_42 .array/port v00000240ac893ee0, 42;
E_00000240ac897c20/10 .event anyedge, v00000240ac893ee0_39, v00000240ac893ee0_40, v00000240ac893ee0_41, v00000240ac893ee0_42;
v00000240ac893ee0_43 .array/port v00000240ac893ee0, 43;
v00000240ac893ee0_44 .array/port v00000240ac893ee0, 44;
v00000240ac893ee0_45 .array/port v00000240ac893ee0, 45;
v00000240ac893ee0_46 .array/port v00000240ac893ee0, 46;
E_00000240ac897c20/11 .event anyedge, v00000240ac893ee0_43, v00000240ac893ee0_44, v00000240ac893ee0_45, v00000240ac893ee0_46;
v00000240ac893ee0_47 .array/port v00000240ac893ee0, 47;
v00000240ac893ee0_48 .array/port v00000240ac893ee0, 48;
v00000240ac893ee0_49 .array/port v00000240ac893ee0, 49;
v00000240ac893ee0_50 .array/port v00000240ac893ee0, 50;
E_00000240ac897c20/12 .event anyedge, v00000240ac893ee0_47, v00000240ac893ee0_48, v00000240ac893ee0_49, v00000240ac893ee0_50;
v00000240ac893ee0_51 .array/port v00000240ac893ee0, 51;
v00000240ac893ee0_52 .array/port v00000240ac893ee0, 52;
v00000240ac893ee0_53 .array/port v00000240ac893ee0, 53;
v00000240ac893ee0_54 .array/port v00000240ac893ee0, 54;
E_00000240ac897c20/13 .event anyedge, v00000240ac893ee0_51, v00000240ac893ee0_52, v00000240ac893ee0_53, v00000240ac893ee0_54;
v00000240ac893ee0_55 .array/port v00000240ac893ee0, 55;
v00000240ac893ee0_56 .array/port v00000240ac893ee0, 56;
v00000240ac893ee0_57 .array/port v00000240ac893ee0, 57;
v00000240ac893ee0_58 .array/port v00000240ac893ee0, 58;
E_00000240ac897c20/14 .event anyedge, v00000240ac893ee0_55, v00000240ac893ee0_56, v00000240ac893ee0_57, v00000240ac893ee0_58;
v00000240ac893ee0_59 .array/port v00000240ac893ee0, 59;
v00000240ac893ee0_60 .array/port v00000240ac893ee0, 60;
v00000240ac893ee0_61 .array/port v00000240ac893ee0, 61;
v00000240ac893ee0_62 .array/port v00000240ac893ee0, 62;
E_00000240ac897c20/15 .event anyedge, v00000240ac893ee0_59, v00000240ac893ee0_60, v00000240ac893ee0_61, v00000240ac893ee0_62;
v00000240ac893ee0_63 .array/port v00000240ac893ee0, 63;
v00000240ac893ee0_64 .array/port v00000240ac893ee0, 64;
v00000240ac893ee0_65 .array/port v00000240ac893ee0, 65;
v00000240ac893ee0_66 .array/port v00000240ac893ee0, 66;
E_00000240ac897c20/16 .event anyedge, v00000240ac893ee0_63, v00000240ac893ee0_64, v00000240ac893ee0_65, v00000240ac893ee0_66;
v00000240ac893ee0_67 .array/port v00000240ac893ee0, 67;
v00000240ac893ee0_68 .array/port v00000240ac893ee0, 68;
v00000240ac893ee0_69 .array/port v00000240ac893ee0, 69;
v00000240ac893ee0_70 .array/port v00000240ac893ee0, 70;
E_00000240ac897c20/17 .event anyedge, v00000240ac893ee0_67, v00000240ac893ee0_68, v00000240ac893ee0_69, v00000240ac893ee0_70;
v00000240ac893ee0_71 .array/port v00000240ac893ee0, 71;
v00000240ac893ee0_72 .array/port v00000240ac893ee0, 72;
v00000240ac893ee0_73 .array/port v00000240ac893ee0, 73;
v00000240ac893ee0_74 .array/port v00000240ac893ee0, 74;
E_00000240ac897c20/18 .event anyedge, v00000240ac893ee0_71, v00000240ac893ee0_72, v00000240ac893ee0_73, v00000240ac893ee0_74;
v00000240ac893ee0_75 .array/port v00000240ac893ee0, 75;
v00000240ac893ee0_76 .array/port v00000240ac893ee0, 76;
v00000240ac893ee0_77 .array/port v00000240ac893ee0, 77;
v00000240ac893ee0_78 .array/port v00000240ac893ee0, 78;
E_00000240ac897c20/19 .event anyedge, v00000240ac893ee0_75, v00000240ac893ee0_76, v00000240ac893ee0_77, v00000240ac893ee0_78;
v00000240ac893ee0_79 .array/port v00000240ac893ee0, 79;
v00000240ac893ee0_80 .array/port v00000240ac893ee0, 80;
v00000240ac893ee0_81 .array/port v00000240ac893ee0, 81;
v00000240ac893ee0_82 .array/port v00000240ac893ee0, 82;
E_00000240ac897c20/20 .event anyedge, v00000240ac893ee0_79, v00000240ac893ee0_80, v00000240ac893ee0_81, v00000240ac893ee0_82;
v00000240ac893ee0_83 .array/port v00000240ac893ee0, 83;
v00000240ac893ee0_84 .array/port v00000240ac893ee0, 84;
v00000240ac893ee0_85 .array/port v00000240ac893ee0, 85;
v00000240ac893ee0_86 .array/port v00000240ac893ee0, 86;
E_00000240ac897c20/21 .event anyedge, v00000240ac893ee0_83, v00000240ac893ee0_84, v00000240ac893ee0_85, v00000240ac893ee0_86;
v00000240ac893ee0_87 .array/port v00000240ac893ee0, 87;
v00000240ac893ee0_88 .array/port v00000240ac893ee0, 88;
v00000240ac893ee0_89 .array/port v00000240ac893ee0, 89;
v00000240ac893ee0_90 .array/port v00000240ac893ee0, 90;
E_00000240ac897c20/22 .event anyedge, v00000240ac893ee0_87, v00000240ac893ee0_88, v00000240ac893ee0_89, v00000240ac893ee0_90;
v00000240ac893ee0_91 .array/port v00000240ac893ee0, 91;
v00000240ac893ee0_92 .array/port v00000240ac893ee0, 92;
v00000240ac893ee0_93 .array/port v00000240ac893ee0, 93;
v00000240ac893ee0_94 .array/port v00000240ac893ee0, 94;
E_00000240ac897c20/23 .event anyedge, v00000240ac893ee0_91, v00000240ac893ee0_92, v00000240ac893ee0_93, v00000240ac893ee0_94;
v00000240ac893ee0_95 .array/port v00000240ac893ee0, 95;
v00000240ac893ee0_96 .array/port v00000240ac893ee0, 96;
v00000240ac893ee0_97 .array/port v00000240ac893ee0, 97;
v00000240ac893ee0_98 .array/port v00000240ac893ee0, 98;
E_00000240ac897c20/24 .event anyedge, v00000240ac893ee0_95, v00000240ac893ee0_96, v00000240ac893ee0_97, v00000240ac893ee0_98;
v00000240ac893ee0_99 .array/port v00000240ac893ee0, 99;
v00000240ac893ee0_100 .array/port v00000240ac893ee0, 100;
v00000240ac893ee0_101 .array/port v00000240ac893ee0, 101;
v00000240ac893ee0_102 .array/port v00000240ac893ee0, 102;
E_00000240ac897c20/25 .event anyedge, v00000240ac893ee0_99, v00000240ac893ee0_100, v00000240ac893ee0_101, v00000240ac893ee0_102;
v00000240ac893ee0_103 .array/port v00000240ac893ee0, 103;
v00000240ac893ee0_104 .array/port v00000240ac893ee0, 104;
v00000240ac893ee0_105 .array/port v00000240ac893ee0, 105;
v00000240ac893ee0_106 .array/port v00000240ac893ee0, 106;
E_00000240ac897c20/26 .event anyedge, v00000240ac893ee0_103, v00000240ac893ee0_104, v00000240ac893ee0_105, v00000240ac893ee0_106;
v00000240ac893ee0_107 .array/port v00000240ac893ee0, 107;
v00000240ac893ee0_108 .array/port v00000240ac893ee0, 108;
v00000240ac893ee0_109 .array/port v00000240ac893ee0, 109;
v00000240ac893ee0_110 .array/port v00000240ac893ee0, 110;
E_00000240ac897c20/27 .event anyedge, v00000240ac893ee0_107, v00000240ac893ee0_108, v00000240ac893ee0_109, v00000240ac893ee0_110;
v00000240ac893ee0_111 .array/port v00000240ac893ee0, 111;
v00000240ac893ee0_112 .array/port v00000240ac893ee0, 112;
v00000240ac893ee0_113 .array/port v00000240ac893ee0, 113;
v00000240ac893ee0_114 .array/port v00000240ac893ee0, 114;
E_00000240ac897c20/28 .event anyedge, v00000240ac893ee0_111, v00000240ac893ee0_112, v00000240ac893ee0_113, v00000240ac893ee0_114;
v00000240ac893ee0_115 .array/port v00000240ac893ee0, 115;
v00000240ac893ee0_116 .array/port v00000240ac893ee0, 116;
v00000240ac893ee0_117 .array/port v00000240ac893ee0, 117;
v00000240ac893ee0_118 .array/port v00000240ac893ee0, 118;
E_00000240ac897c20/29 .event anyedge, v00000240ac893ee0_115, v00000240ac893ee0_116, v00000240ac893ee0_117, v00000240ac893ee0_118;
v00000240ac893ee0_119 .array/port v00000240ac893ee0, 119;
v00000240ac893ee0_120 .array/port v00000240ac893ee0, 120;
v00000240ac893ee0_121 .array/port v00000240ac893ee0, 121;
v00000240ac893ee0_122 .array/port v00000240ac893ee0, 122;
E_00000240ac897c20/30 .event anyedge, v00000240ac893ee0_119, v00000240ac893ee0_120, v00000240ac893ee0_121, v00000240ac893ee0_122;
v00000240ac893ee0_123 .array/port v00000240ac893ee0, 123;
v00000240ac893ee0_124 .array/port v00000240ac893ee0, 124;
v00000240ac893ee0_125 .array/port v00000240ac893ee0, 125;
v00000240ac893ee0_126 .array/port v00000240ac893ee0, 126;
E_00000240ac897c20/31 .event anyedge, v00000240ac893ee0_123, v00000240ac893ee0_124, v00000240ac893ee0_125, v00000240ac893ee0_126;
v00000240ac893ee0_127 .array/port v00000240ac893ee0, 127;
v00000240ac893ee0_128 .array/port v00000240ac893ee0, 128;
v00000240ac893ee0_129 .array/port v00000240ac893ee0, 129;
v00000240ac893ee0_130 .array/port v00000240ac893ee0, 130;
E_00000240ac897c20/32 .event anyedge, v00000240ac893ee0_127, v00000240ac893ee0_128, v00000240ac893ee0_129, v00000240ac893ee0_130;
v00000240ac893ee0_131 .array/port v00000240ac893ee0, 131;
v00000240ac893ee0_132 .array/port v00000240ac893ee0, 132;
v00000240ac893ee0_133 .array/port v00000240ac893ee0, 133;
v00000240ac893ee0_134 .array/port v00000240ac893ee0, 134;
E_00000240ac897c20/33 .event anyedge, v00000240ac893ee0_131, v00000240ac893ee0_132, v00000240ac893ee0_133, v00000240ac893ee0_134;
v00000240ac893ee0_135 .array/port v00000240ac893ee0, 135;
v00000240ac893ee0_136 .array/port v00000240ac893ee0, 136;
v00000240ac893ee0_137 .array/port v00000240ac893ee0, 137;
v00000240ac893ee0_138 .array/port v00000240ac893ee0, 138;
E_00000240ac897c20/34 .event anyedge, v00000240ac893ee0_135, v00000240ac893ee0_136, v00000240ac893ee0_137, v00000240ac893ee0_138;
v00000240ac893ee0_139 .array/port v00000240ac893ee0, 139;
v00000240ac893ee0_140 .array/port v00000240ac893ee0, 140;
v00000240ac893ee0_141 .array/port v00000240ac893ee0, 141;
v00000240ac893ee0_142 .array/port v00000240ac893ee0, 142;
E_00000240ac897c20/35 .event anyedge, v00000240ac893ee0_139, v00000240ac893ee0_140, v00000240ac893ee0_141, v00000240ac893ee0_142;
v00000240ac893ee0_143 .array/port v00000240ac893ee0, 143;
v00000240ac893ee0_144 .array/port v00000240ac893ee0, 144;
v00000240ac893ee0_145 .array/port v00000240ac893ee0, 145;
v00000240ac893ee0_146 .array/port v00000240ac893ee0, 146;
E_00000240ac897c20/36 .event anyedge, v00000240ac893ee0_143, v00000240ac893ee0_144, v00000240ac893ee0_145, v00000240ac893ee0_146;
v00000240ac893ee0_147 .array/port v00000240ac893ee0, 147;
v00000240ac893ee0_148 .array/port v00000240ac893ee0, 148;
v00000240ac893ee0_149 .array/port v00000240ac893ee0, 149;
v00000240ac893ee0_150 .array/port v00000240ac893ee0, 150;
E_00000240ac897c20/37 .event anyedge, v00000240ac893ee0_147, v00000240ac893ee0_148, v00000240ac893ee0_149, v00000240ac893ee0_150;
v00000240ac893ee0_151 .array/port v00000240ac893ee0, 151;
v00000240ac893ee0_152 .array/port v00000240ac893ee0, 152;
v00000240ac893ee0_153 .array/port v00000240ac893ee0, 153;
v00000240ac893ee0_154 .array/port v00000240ac893ee0, 154;
E_00000240ac897c20/38 .event anyedge, v00000240ac893ee0_151, v00000240ac893ee0_152, v00000240ac893ee0_153, v00000240ac893ee0_154;
v00000240ac893ee0_155 .array/port v00000240ac893ee0, 155;
v00000240ac893ee0_156 .array/port v00000240ac893ee0, 156;
v00000240ac893ee0_157 .array/port v00000240ac893ee0, 157;
v00000240ac893ee0_158 .array/port v00000240ac893ee0, 158;
E_00000240ac897c20/39 .event anyedge, v00000240ac893ee0_155, v00000240ac893ee0_156, v00000240ac893ee0_157, v00000240ac893ee0_158;
v00000240ac893ee0_159 .array/port v00000240ac893ee0, 159;
v00000240ac893ee0_160 .array/port v00000240ac893ee0, 160;
v00000240ac893ee0_161 .array/port v00000240ac893ee0, 161;
v00000240ac893ee0_162 .array/port v00000240ac893ee0, 162;
E_00000240ac897c20/40 .event anyedge, v00000240ac893ee0_159, v00000240ac893ee0_160, v00000240ac893ee0_161, v00000240ac893ee0_162;
v00000240ac893ee0_163 .array/port v00000240ac893ee0, 163;
v00000240ac893ee0_164 .array/port v00000240ac893ee0, 164;
v00000240ac893ee0_165 .array/port v00000240ac893ee0, 165;
v00000240ac893ee0_166 .array/port v00000240ac893ee0, 166;
E_00000240ac897c20/41 .event anyedge, v00000240ac893ee0_163, v00000240ac893ee0_164, v00000240ac893ee0_165, v00000240ac893ee0_166;
v00000240ac893ee0_167 .array/port v00000240ac893ee0, 167;
v00000240ac893ee0_168 .array/port v00000240ac893ee0, 168;
v00000240ac893ee0_169 .array/port v00000240ac893ee0, 169;
v00000240ac893ee0_170 .array/port v00000240ac893ee0, 170;
E_00000240ac897c20/42 .event anyedge, v00000240ac893ee0_167, v00000240ac893ee0_168, v00000240ac893ee0_169, v00000240ac893ee0_170;
v00000240ac893ee0_171 .array/port v00000240ac893ee0, 171;
v00000240ac893ee0_172 .array/port v00000240ac893ee0, 172;
v00000240ac893ee0_173 .array/port v00000240ac893ee0, 173;
v00000240ac893ee0_174 .array/port v00000240ac893ee0, 174;
E_00000240ac897c20/43 .event anyedge, v00000240ac893ee0_171, v00000240ac893ee0_172, v00000240ac893ee0_173, v00000240ac893ee0_174;
v00000240ac893ee0_175 .array/port v00000240ac893ee0, 175;
v00000240ac893ee0_176 .array/port v00000240ac893ee0, 176;
v00000240ac893ee0_177 .array/port v00000240ac893ee0, 177;
v00000240ac893ee0_178 .array/port v00000240ac893ee0, 178;
E_00000240ac897c20/44 .event anyedge, v00000240ac893ee0_175, v00000240ac893ee0_176, v00000240ac893ee0_177, v00000240ac893ee0_178;
v00000240ac893ee0_179 .array/port v00000240ac893ee0, 179;
v00000240ac893ee0_180 .array/port v00000240ac893ee0, 180;
v00000240ac893ee0_181 .array/port v00000240ac893ee0, 181;
v00000240ac893ee0_182 .array/port v00000240ac893ee0, 182;
E_00000240ac897c20/45 .event anyedge, v00000240ac893ee0_179, v00000240ac893ee0_180, v00000240ac893ee0_181, v00000240ac893ee0_182;
v00000240ac893ee0_183 .array/port v00000240ac893ee0, 183;
v00000240ac893ee0_184 .array/port v00000240ac893ee0, 184;
v00000240ac893ee0_185 .array/port v00000240ac893ee0, 185;
v00000240ac893ee0_186 .array/port v00000240ac893ee0, 186;
E_00000240ac897c20/46 .event anyedge, v00000240ac893ee0_183, v00000240ac893ee0_184, v00000240ac893ee0_185, v00000240ac893ee0_186;
v00000240ac893ee0_187 .array/port v00000240ac893ee0, 187;
v00000240ac893ee0_188 .array/port v00000240ac893ee0, 188;
v00000240ac893ee0_189 .array/port v00000240ac893ee0, 189;
v00000240ac893ee0_190 .array/port v00000240ac893ee0, 190;
E_00000240ac897c20/47 .event anyedge, v00000240ac893ee0_187, v00000240ac893ee0_188, v00000240ac893ee0_189, v00000240ac893ee0_190;
v00000240ac893ee0_191 .array/port v00000240ac893ee0, 191;
v00000240ac893ee0_192 .array/port v00000240ac893ee0, 192;
v00000240ac893ee0_193 .array/port v00000240ac893ee0, 193;
v00000240ac893ee0_194 .array/port v00000240ac893ee0, 194;
E_00000240ac897c20/48 .event anyedge, v00000240ac893ee0_191, v00000240ac893ee0_192, v00000240ac893ee0_193, v00000240ac893ee0_194;
v00000240ac893ee0_195 .array/port v00000240ac893ee0, 195;
v00000240ac893ee0_196 .array/port v00000240ac893ee0, 196;
v00000240ac893ee0_197 .array/port v00000240ac893ee0, 197;
v00000240ac893ee0_198 .array/port v00000240ac893ee0, 198;
E_00000240ac897c20/49 .event anyedge, v00000240ac893ee0_195, v00000240ac893ee0_196, v00000240ac893ee0_197, v00000240ac893ee0_198;
v00000240ac893ee0_199 .array/port v00000240ac893ee0, 199;
v00000240ac893ee0_200 .array/port v00000240ac893ee0, 200;
v00000240ac893ee0_201 .array/port v00000240ac893ee0, 201;
v00000240ac893ee0_202 .array/port v00000240ac893ee0, 202;
E_00000240ac897c20/50 .event anyedge, v00000240ac893ee0_199, v00000240ac893ee0_200, v00000240ac893ee0_201, v00000240ac893ee0_202;
v00000240ac893ee0_203 .array/port v00000240ac893ee0, 203;
v00000240ac893ee0_204 .array/port v00000240ac893ee0, 204;
v00000240ac893ee0_205 .array/port v00000240ac893ee0, 205;
v00000240ac893ee0_206 .array/port v00000240ac893ee0, 206;
E_00000240ac897c20/51 .event anyedge, v00000240ac893ee0_203, v00000240ac893ee0_204, v00000240ac893ee0_205, v00000240ac893ee0_206;
v00000240ac893ee0_207 .array/port v00000240ac893ee0, 207;
v00000240ac893ee0_208 .array/port v00000240ac893ee0, 208;
v00000240ac893ee0_209 .array/port v00000240ac893ee0, 209;
v00000240ac893ee0_210 .array/port v00000240ac893ee0, 210;
E_00000240ac897c20/52 .event anyedge, v00000240ac893ee0_207, v00000240ac893ee0_208, v00000240ac893ee0_209, v00000240ac893ee0_210;
v00000240ac893ee0_211 .array/port v00000240ac893ee0, 211;
v00000240ac893ee0_212 .array/port v00000240ac893ee0, 212;
v00000240ac893ee0_213 .array/port v00000240ac893ee0, 213;
v00000240ac893ee0_214 .array/port v00000240ac893ee0, 214;
E_00000240ac897c20/53 .event anyedge, v00000240ac893ee0_211, v00000240ac893ee0_212, v00000240ac893ee0_213, v00000240ac893ee0_214;
v00000240ac893ee0_215 .array/port v00000240ac893ee0, 215;
v00000240ac893ee0_216 .array/port v00000240ac893ee0, 216;
v00000240ac893ee0_217 .array/port v00000240ac893ee0, 217;
v00000240ac893ee0_218 .array/port v00000240ac893ee0, 218;
E_00000240ac897c20/54 .event anyedge, v00000240ac893ee0_215, v00000240ac893ee0_216, v00000240ac893ee0_217, v00000240ac893ee0_218;
v00000240ac893ee0_219 .array/port v00000240ac893ee0, 219;
v00000240ac893ee0_220 .array/port v00000240ac893ee0, 220;
v00000240ac893ee0_221 .array/port v00000240ac893ee0, 221;
v00000240ac893ee0_222 .array/port v00000240ac893ee0, 222;
E_00000240ac897c20/55 .event anyedge, v00000240ac893ee0_219, v00000240ac893ee0_220, v00000240ac893ee0_221, v00000240ac893ee0_222;
v00000240ac893ee0_223 .array/port v00000240ac893ee0, 223;
v00000240ac893ee0_224 .array/port v00000240ac893ee0, 224;
v00000240ac893ee0_225 .array/port v00000240ac893ee0, 225;
v00000240ac893ee0_226 .array/port v00000240ac893ee0, 226;
E_00000240ac897c20/56 .event anyedge, v00000240ac893ee0_223, v00000240ac893ee0_224, v00000240ac893ee0_225, v00000240ac893ee0_226;
v00000240ac893ee0_227 .array/port v00000240ac893ee0, 227;
v00000240ac893ee0_228 .array/port v00000240ac893ee0, 228;
v00000240ac893ee0_229 .array/port v00000240ac893ee0, 229;
v00000240ac893ee0_230 .array/port v00000240ac893ee0, 230;
E_00000240ac897c20/57 .event anyedge, v00000240ac893ee0_227, v00000240ac893ee0_228, v00000240ac893ee0_229, v00000240ac893ee0_230;
v00000240ac893ee0_231 .array/port v00000240ac893ee0, 231;
v00000240ac893ee0_232 .array/port v00000240ac893ee0, 232;
v00000240ac893ee0_233 .array/port v00000240ac893ee0, 233;
v00000240ac893ee0_234 .array/port v00000240ac893ee0, 234;
E_00000240ac897c20/58 .event anyedge, v00000240ac893ee0_231, v00000240ac893ee0_232, v00000240ac893ee0_233, v00000240ac893ee0_234;
v00000240ac893ee0_235 .array/port v00000240ac893ee0, 235;
v00000240ac893ee0_236 .array/port v00000240ac893ee0, 236;
v00000240ac893ee0_237 .array/port v00000240ac893ee0, 237;
v00000240ac893ee0_238 .array/port v00000240ac893ee0, 238;
E_00000240ac897c20/59 .event anyedge, v00000240ac893ee0_235, v00000240ac893ee0_236, v00000240ac893ee0_237, v00000240ac893ee0_238;
v00000240ac893ee0_239 .array/port v00000240ac893ee0, 239;
v00000240ac893ee0_240 .array/port v00000240ac893ee0, 240;
v00000240ac893ee0_241 .array/port v00000240ac893ee0, 241;
v00000240ac893ee0_242 .array/port v00000240ac893ee0, 242;
E_00000240ac897c20/60 .event anyedge, v00000240ac893ee0_239, v00000240ac893ee0_240, v00000240ac893ee0_241, v00000240ac893ee0_242;
v00000240ac893ee0_243 .array/port v00000240ac893ee0, 243;
v00000240ac893ee0_244 .array/port v00000240ac893ee0, 244;
v00000240ac893ee0_245 .array/port v00000240ac893ee0, 245;
v00000240ac893ee0_246 .array/port v00000240ac893ee0, 246;
E_00000240ac897c20/61 .event anyedge, v00000240ac893ee0_243, v00000240ac893ee0_244, v00000240ac893ee0_245, v00000240ac893ee0_246;
v00000240ac893ee0_247 .array/port v00000240ac893ee0, 247;
v00000240ac893ee0_248 .array/port v00000240ac893ee0, 248;
v00000240ac893ee0_249 .array/port v00000240ac893ee0, 249;
v00000240ac893ee0_250 .array/port v00000240ac893ee0, 250;
E_00000240ac897c20/62 .event anyedge, v00000240ac893ee0_247, v00000240ac893ee0_248, v00000240ac893ee0_249, v00000240ac893ee0_250;
v00000240ac893ee0_251 .array/port v00000240ac893ee0, 251;
v00000240ac893ee0_252 .array/port v00000240ac893ee0, 252;
v00000240ac893ee0_253 .array/port v00000240ac893ee0, 253;
v00000240ac893ee0_254 .array/port v00000240ac893ee0, 254;
E_00000240ac897c20/63 .event anyedge, v00000240ac893ee0_251, v00000240ac893ee0_252, v00000240ac893ee0_253, v00000240ac893ee0_254;
v00000240ac893ee0_255 .array/port v00000240ac893ee0, 255;
E_00000240ac897c20/64 .event anyedge, v00000240ac893ee0_255;
E_00000240ac897c20 .event/or E_00000240ac897c20/0, E_00000240ac897c20/1, E_00000240ac897c20/2, E_00000240ac897c20/3, E_00000240ac897c20/4, E_00000240ac897c20/5, E_00000240ac897c20/6, E_00000240ac897c20/7, E_00000240ac897c20/8, E_00000240ac897c20/9, E_00000240ac897c20/10, E_00000240ac897c20/11, E_00000240ac897c20/12, E_00000240ac897c20/13, E_00000240ac897c20/14, E_00000240ac897c20/15, E_00000240ac897c20/16, E_00000240ac897c20/17, E_00000240ac897c20/18, E_00000240ac897c20/19, E_00000240ac897c20/20, E_00000240ac897c20/21, E_00000240ac897c20/22, E_00000240ac897c20/23, E_00000240ac897c20/24, E_00000240ac897c20/25, E_00000240ac897c20/26, E_00000240ac897c20/27, E_00000240ac897c20/28, E_00000240ac897c20/29, E_00000240ac897c20/30, E_00000240ac897c20/31, E_00000240ac897c20/32, E_00000240ac897c20/33, E_00000240ac897c20/34, E_00000240ac897c20/35, E_00000240ac897c20/36, E_00000240ac897c20/37, E_00000240ac897c20/38, E_00000240ac897c20/39, E_00000240ac897c20/40, E_00000240ac897c20/41, E_00000240ac897c20/42, E_00000240ac897c20/43, E_00000240ac897c20/44, E_00000240ac897c20/45, E_00000240ac897c20/46, E_00000240ac897c20/47, E_00000240ac897c20/48, E_00000240ac897c20/49, E_00000240ac897c20/50, E_00000240ac897c20/51, E_00000240ac897c20/52, E_00000240ac897c20/53, E_00000240ac897c20/54, E_00000240ac897c20/55, E_00000240ac897c20/56, E_00000240ac897c20/57, E_00000240ac897c20/58, E_00000240ac897c20/59, E_00000240ac897c20/60, E_00000240ac897c20/61, E_00000240ac897c20/62, E_00000240ac897c20/63, E_00000240ac897c20/64;
E_00000240ac897020/0 .event negedge, v00000240ac894790_0;
E_00000240ac897020/1 .event posedge, v00000240ac862f30_0;
E_00000240ac897020 .event/or E_00000240ac897020/0, E_00000240ac897020/1;
    .scope S_00000240ac7dbd70;
T_0 ;
    %wait E_00000240ac897020;
    %load/vec4 v00000240ac894790_0;
    %inv;
    %flag_set/vec4 8;
    %jmp/0xz  T_0.0, 8;
    %pushi/vec4 0, 0, 32;
    %store/vec4 v00000240ac862b30_0, 0, 32;
T_0.2 ;
    %load/vec4 v00000240ac862b30_0;
    %cmpi/s 256, 0, 32;
    %jmp/0xz T_0.3, 5;
    %pushi/vec4 1, 0, 2;
    %ix/getv/s 3, v00000240ac862b30_0;
    %ix/load 4, 0, 0; Constant delay
    %assign/vec4/a/d v00000240ac893ee0, 0, 4;
    %load/vec4 v00000240ac862b30_0;
    %addi 1, 0, 32;
    %store/vec4 v00000240ac862b30_0, 0, 32;
    %jmp T_0.2;
T_0.3 ;
    %jmp T_0.1;
T_0.0 ;
    %load/vec4 v00000240ac889440_0;
    %flag_set/vec4 8;
    %jmp/0xz  T_0.4, 8;
    %load/vec4 v00000240ac8893a0_0;
    %pad/u 10;
    %ix/vec4 4;
    %load/vec4a v00000240ac893ee0, 4;
    %dup/vec4;
    %pushi/vec4 0, 0, 2;
    %cmp/u;
    %jmp/1 T_0.6, 6;
    %dup/vec4;
    %pushi/vec4 1, 0, 2;
    %cmp/u;
    %jmp/1 T_0.7, 6;
    %dup/vec4;
    %pushi/vec4 2, 0, 2;
    %cmp/u;
    %jmp/1 T_0.8, 6;
    %dup/vec4;
    %pushi/vec4 3, 0, 2;
    %cmp/u;
    %jmp/1 T_0.9, 6;
    %jmp T_0.10;
T_0.6 ;
    %load/vec4 v00000240ac889260_0;
    %flag_set/vec4 8;
    %jmp/0 T_0.11, 8;
    %pushi/vec4 1, 0, 2;
    %jmp/1 T_0.12, 8;
T_0.11 ; End of true expr.
    %pushi/vec4 0, 0, 2;
    %jmp/0 T_0.12, 8;
 ; End of false expr.
    %blend;
T_0.12;
    %load/vec4 v00000240ac8893a0_0;
    %pad/u 10;
    %ix/vec4 3;
    %ix/load 4, 0, 0; Constant delay
    %assign/vec4/a/d v00000240ac893ee0, 0, 4;
    %jmp T_0.10;
T_0.7 ;
    %load/vec4 v00000240ac889260_0;
    %flag_set/vec4 8;
    %jmp/0 T_0.13, 8;
    %pushi/vec4 2, 0, 2;
    %jmp/1 T_0.14, 8;
T_0.13 ; End of true expr.
    %pushi/vec4 0, 0, 2;
    %jmp/0 T_0.14, 8;
 ; End of false expr.
    %blend;
T_0.14;
    %load/vec4 v00000240ac8893a0_0;
    %pad/u 10;
    %ix/vec4 3;
    %ix/load 4, 0, 0; Constant delay
    %assign/vec4/a/d v00000240ac893ee0, 0, 4;
    %jmp T_0.10;
T_0.8 ;
    %load/vec4 v00000240ac889260_0;
    %flag_set/vec4 8;
    %jmp/0 T_0.15, 8;
    %pushi/vec4 3, 0, 2;
    %jmp/1 T_0.16, 8;
T_0.15 ; End of true expr.
    %pushi/vec4 1, 0, 2;
    %jmp/0 T_0.16, 8;
 ; End of false expr.
    %blend;
T_0.16;
    %load/vec4 v00000240ac8893a0_0;
    %pad/u 10;
    %ix/vec4 3;
    %ix/load 4, 0, 0; Constant delay
    %assign/vec4/a/d v00000240ac893ee0, 0, 4;
    %jmp T_0.10;
T_0.9 ;
    %load/vec4 v00000240ac889260_0;
    %flag_set/vec4 8;
    %jmp/0 T_0.17, 8;
    %pushi/vec4 3, 0, 2;
    %jmp/1 T_0.18, 8;
T_0.17 ; End of true expr.
    %pushi/vec4 2, 0, 2;
    %jmp/0 T_0.18, 8;
 ; End of false expr.
    %blend;
T_0.18;
    %load/vec4 v00000240ac8893a0_0;
    %pad/u 10;
    %ix/vec4 3;
    %ix/load 4, 0, 0; Constant delay
    %assign/vec4/a/d v00000240ac893ee0, 0, 4;
    %jmp T_0.10;
T_0.10 ;
    %pop/vec4 1;
T_0.4 ;
T_0.1 ;
    %jmp T_0;
    .thread T_0;
    .scope S_00000240ac7dbd70;
T_1 ;
    %wait E_00000240ac897c20;
    %load/vec4 v00000240ac889300_0;
    %pad/u 10;
    %ix/vec4 4;
    %load/vec4a v00000240ac893ee0, 4;
    %dup/vec4;
    %pushi/vec4 0, 0, 2;
    %cmp/u;
    %jmp/1 T_1.0, 6;
    %dup/vec4;
    %pushi/vec4 1, 0, 2;
    %cmp/u;
    %jmp/1 T_1.1, 6;
    %dup/vec4;
    %pushi/vec4 2, 0, 2;
    %cmp/u;
    %jmp/1 T_1.2, 6;
    %dup/vec4;
    %pushi/vec4 3, 0, 2;
    %cmp/u;
    %jmp/1 T_1.3, 6;
    %jmp T_1.4;
T_1.0 ;
    %pushi/vec4 0, 0, 1;
    %store/vec4 v00000240ac893e40_0, 0, 1;
    %jmp T_1.4;
T_1.1 ;
    %pushi/vec4 0, 0, 1;
    %store/vec4 v00000240ac893e40_0, 0, 1;
    %jmp T_1.4;
T_1.2 ;
    %pushi/vec4 1, 0, 1;
    %store/vec4 v00000240ac893e40_0, 0, 1;
    %jmp T_1.4;
T_1.3 ;
    %pushi/vec4 1, 0, 1;
    %store/vec4 v00000240ac893e40_0, 0, 1;
    %jmp T_1.4;
T_1.4 ;
    %pop/vec4 1;
    %jmp T_1;
    .thread T_1, $push;
# The file index is used to find the file name in the following table.
:file_names 3;
    "N/A";
    "<interactive>";
    "PHT.v";
