#! /c/Source/iverilog-install/bin/vvp
:ivl_version "12.0 (devel)" "(s20150603-1110-g18392a46)";
:ivl_delay_selection "TYPICAL";
:vpi_time_precision + 0;
:vpi_module "D:\iverilog\iverilog\lib\ivl\system.vpi";
:vpi_module "D:\iverilog\iverilog\lib\ivl\vhdl_sys.vpi";
:vpi_module "D:\iverilog\iverilog\lib\ivl\vhdl_textio.vpi";
:vpi_module "D:\iverilog\iverilog\lib\ivl\v2005_math.vpi";
:vpi_module "D:\iverilog\iverilog\lib\ivl\va_math.vpi";
S_0000019c388c2a90 .scope module, "REGISTERFILE" "REGISTERFILE" 2 1;
 .timescale 0 0;
    .port_info 0 /INPUT 1 "clk";
    .port_info 1 /INPUT 1 "rst_n";
    .port_info 2 /INPUT 5 "i_raddr1";
    .port_info 3 /INPUT 5 "i_raddr2";
    .port_info 4 /INPUT 5 "i_waddr";
    .port_info 5 /INPUT 32 "i_wdata";
    .port_info 6 /INPUT 1 "i_wen_rf";
    .port_info 7 /OUTPUT 32 "o_rdata1";
    .port_info 8 /OUTPUT 32 "o_rdata2";
P_0000019c388c30c0 .param/l "a_width" 0 2 2, +C4<00000000000000000000000000000101>;
P_0000019c388c30f8 .param/l "d_width" 0 2 3, +C4<00000000000000000000000000100000>;
L_0000019c388f3ed0 .functor BUFZ 32, L_0000019c38940e90, C4<00000000000000000000000000000000>, C4<00000000000000000000000000000000>, C4<00000000000000000000000000000000>;
L_0000019c388f3f40 .functor BUFZ 32, L_0000019c38940cb0, C4<00000000000000000000000000000000>, C4<00000000000000000000000000000000>, C4<00000000000000000000000000000000>;
v0000019c38aabc60_0 .net *"_ivl_0", 31 0, L_0000019c38940e90;  1 drivers
v0000019c388c2c20_0 .net *"_ivl_10", 6 0, L_0000019c38941930;  1 drivers
L_0000019c38941cc0 .functor BUFT 1, C4<00>, C4<0>, C4<0>, C4<0>;
v0000019c388c2cc0_0 .net *"_ivl_13", 1 0, L_0000019c38941cc0;  1 drivers
v0000019c388c2d60_0 .net *"_ivl_2", 6 0, L_0000019c38941570;  1 drivers
L_0000019c38941c78 .functor BUFT 1, C4<00>, C4<0>, C4<0>, C4<0>;
v0000019c388c2e00_0 .net *"_ivl_5", 1 0, L_0000019c38941c78;  1 drivers
v0000019c388c2ea0_0 .net *"_ivl_8", 31 0, L_0000019c38940cb0;  1 drivers
o0000019c388f80f8 .functor BUFZ 1, C4<z>; HiZ drive
v0000019c388f3d20_0 .net "clk", 0 0, o0000019c388f80f8;  0 drivers
v0000019c389419d0_0 .var/i "i", 31 0;
o0000019c388f8158 .functor BUFZ 5, C4<zzzzz>; HiZ drive
v0000019c38941b10_0 .net "i_raddr1", 4 0, o0000019c388f8158;  0 drivers
o0000019c388f8188 .functor BUFZ 5, C4<zzzzz>; HiZ drive
v0000019c38941bb0_0 .net "i_raddr2", 4 0, o0000019c388f8188;  0 drivers
o0000019c388f81b8 .functor BUFZ 5, C4<zzzzz>; HiZ drive
v0000019c38940f30_0 .net "i_waddr", 4 0, o0000019c388f81b8;  0 drivers
o0000019c388f81e8 .functor BUFZ 32, C4<zzzzzzzzzzzzzzzzzzzzzzzzzzzzzzzz>; HiZ drive
v0000019c38940fd0_0 .net "i_wdata", 31 0, o0000019c388f81e8;  0 drivers
o0000019c388f8218 .functor BUFZ 1, C4<z>; HiZ drive
v0000019c389412f0_0 .net "i_wen_rf", 0 0, o0000019c388f8218;  0 drivers
v0000019c38941390 .array "mem", 31 0, 31 0;
v0000019c389411b0_0 .net "o_rdata1", 31 0, L_0000019c388f3ed0;  1 drivers
v0000019c389414d0_0 .net "o_rdata2", 31 0, L_0000019c388f3f40;  1 drivers
o0000019c388f82a8 .functor BUFZ 1, C4<z>; HiZ drive
v0000019c389416b0_0 .net "rst_n", 0 0, o0000019c388f82a8;  0 drivers
E_0000019c38aa7e00 .event negedge, v0000019c389416b0_0, v0000019c388f3d20_0;
L_0000019c38940e90 .array/port v0000019c38941390, L_0000019c38941570;
L_0000019c38941570 .concat [ 5 2 0 0], o0000019c388f8158, L_0000019c38941c78;
L_0000019c38940cb0 .array/port v0000019c38941390, L_0000019c38941930;
L_0000019c38941930 .concat [ 5 2 0 0], o0000019c388f8188, L_0000019c38941cc0;
    .scope S_0000019c388c2a90;
T_0 ;
    %wait E_0000019c38aa7e00;
    %load/vec4 v0000019c389416b0_0;
    %inv;
    %flag_set/vec4 8;
    %jmp/0xz  T_0.0, 8;
    %pushi/vec4 0, 0, 32;
    %store/vec4 v0000019c389419d0_0, 0, 32;
T_0.2 ;
    %load/vec4 v0000019c389419d0_0;
    %cmpi/s 32, 0, 32;
    %jmp/0xz T_0.3, 5;
    %pushi/vec4 0, 0, 32;
    %ix/getv/s 3, v0000019c389419d0_0;
    %ix/load 4, 0, 0; Constant delay
    %assign/vec4/a/d v0000019c38941390, 0, 4;
    %load/vec4 v0000019c389419d0_0;
    %addi 1, 0, 32;
    %store/vec4 v0000019c389419d0_0, 0, 32;
    %jmp T_0.2;
T_0.3 ;
    %jmp T_0.1;
T_0.0 ;
    %load/vec4 v0000019c389412f0_0;
    %load/vec4 v0000019c38940f30_0;
    %pushi/vec4 0, 0, 5;
    %cmp/ne;
    %flag_get/vec4 4;
    %and;
    %flag_set/vec4 8;
    %jmp/0xz  T_0.4, 8;
    %load/vec4 v0000019c38940fd0_0;
    %load/vec4 v0000019c38940f30_0;
    %pad/u 7;
    %ix/vec4 3;
    %ix/load 4, 0, 0; Constant delay
    %assign/vec4/a/d v0000019c38941390, 0, 4;
T_0.4 ;
T_0.1 ;
    %jmp T_0;
    .thread T_0;
# The file index is used to find the file name in the following table.
:file_names 3;
    "N/A";
    "<interactive>";
    "REGISTERFILE.v";
